TN:
SF:/home/maki/Desktop/RG-projekat/include/stb_image.h
FN:741,_ZL20stbi__sse2_availablev
FNDA:72,_ZL20stbi__sse2_availablev
FN:795,_ZL15stbi__start_memP13stbi__contextPKhi
FNDA:0,_ZL15stbi__start_memP13stbi__contextPKhi
FN:804,_ZL21stbi__start_callbacksP13stbi__contextP17stbi_io_callbacksPv
FNDA:58,_ZL21stbi__start_callbacksP13stbi__contextP17stbi_io_callbacksPv
FN:817,_ZL16stbi__stdio_readPvPci
FNDA:29920,_ZL16stbi__stdio_readPvPci
FN:822,_ZL16stbi__stdio_skipPvi
FNDA:88,_ZL16stbi__stdio_skipPvi
FN:824,_ZL15stbi__stdio_eofPv
FNDA:0,_ZL15stbi__stdio_eofPv
FN:832,_ZL16stbi__start_fileP13stbi__contextP8_IO_FILE
FNDA:58,_ZL16stbi__start_fileP13stbi__contextP8_IO_FILE
FN:841,_ZL12stbi__rewindP13stbi__context
FNDA:102,_ZL12stbi__rewindP13stbi__context
FN:929,stbi_failure_reason
FNDA:0,stbi_failure_reason
FN:931,_ZL9stbi__errPKc
FNDA:44,_ZL9stbi__errPKc
FN:937,_ZL12stbi__mallocm
FNDA:228,_ZL12stbi__mallocm
FN:951,_ZL20stbi__addsizes_validii
FNDA:142,_ZL20stbi__addsizes_validii
FN:964,_ZL21stbi__mul2sizes_validii
FNDA:214,_ZL21stbi__mul2sizes_validii
FN:975,_ZL21stbi__mad2sizes_validiii
FNDA:70,_ZL21stbi__mad2sizes_validiii
FN:981,_ZL21stbi__mad3sizes_validiiii
FNDA:72,_ZL21stbi__mad3sizes_validiiii
FN:988,_ZL21stbi__mad4sizes_validiiiii
FNDA:0,_ZL21stbi__mad4sizes_validiiiii
FN:995,_ZL17stbi__malloc_mad2iii
FNDA:70,_ZL17stbi__malloc_mad2iii
FN:1002,_ZL17stbi__malloc_mad3iiii
FNDA:58,_ZL17stbi__malloc_mad3iiii
FN:1009,_ZL17stbi__malloc_mad4iiiii
FNDA:0,_ZL17stbi__malloc_mad4iiiii
FN:1031,stbi_image_free
FNDA:58,stbi_image_free
FN:1043,stbi_set_flip_vertically_on_load
FNDA:8,stbi_set_flip_vertically_on_load
FN:1048,_ZL15stbi__load_mainP13stbi__contextPiS1_S1_iP17stbi__result_infoi
FNDA:58,_ZL15stbi__load_mainP13stbi__contextPiS1_S1_iP17stbi__result_infoi
FN:1103,_ZL21stbi__convert_16_to_8Ptiii
FNDA:0,_ZL21stbi__convert_16_to_8Ptiii
FN:1121,_ZL21stbi__convert_8_to_16Phiii
FNDA:0,_ZL21stbi__convert_8_to_16Phiii
FN:1140,_ZL31stbi__load_and_postprocess_8bitP13stbi__contextPiS1_S1_i
FNDA:58,_ZL31stbi__load_and_postprocess_8bitP13stbi__contextPiS1_S1_i
FN:1185,_ZL32stbi__load_and_postprocess_16bitP13stbi__contextPiS1_S1_i
FNDA:0,_ZL32stbi__load_and_postprocess_16bitP13stbi__contextPiS1_S1_i
FN:1230,_ZL23stbi__float_postprocessPfPiS0_S0_i
FNDA:0,_ZL23stbi__float_postprocessPfPiS0_S0_i
FN:1259,_ZL11stbi__fopenPKcS0_
FNDA:58,_ZL11stbi__fopenPKcS0_
FN:1271,stbi_load
FNDA:58,stbi_load
FN:1282,stbi_load_from_file
FNDA:58,stbi_load_from_file
FN:1296,stbi_load_from_file_16
FNDA:0,stbi_load_from_file_16
FN:1310,stbi_load_16
FNDA:0,stbi_load_16
FN:1324,stbi_load_from_memory
FNDA:0,stbi_load_from_memory
FN:1331,stbi_load_from_callbacks
FNDA:0,stbi_load_from_callbacks
FN:1340,_ZL16stbi__loadf_mainP13stbi__contextPiS1_S1_i
FNDA:0,_ZL16stbi__loadf_mainP13stbi__contextPiS1_S1_i
FN:1360,stbi_loadf_from_memory
FNDA:0,stbi_loadf_from_memory
FN:1367,stbi_loadf_from_callbacks
FNDA:0,stbi_loadf_from_callbacks
FN:1376,stbi_loadf
FNDA:0,stbi_loadf
FN:1387,stbi_loadf_from_file
FNDA:0,stbi_loadf_from_file
FN:1401,stbi_is_hdr_from_memory
FNDA:0,stbi_is_hdr_from_memory
FN:1415,stbi_is_hdr
FNDA:0,stbi_is_hdr
FN:1427,stbi_is_hdr_from_file
FNDA:0,stbi_is_hdr_from_file
FN:1440,stbi_is_hdr_from_callbacks
FNDA:0,stbi_is_hdr_from_callbacks
FN:1456,stbi_ldr_to_hdr_gamma
FNDA:0,stbi_ldr_to_hdr_gamma
FN:1457,stbi_ldr_to_hdr_scale
FNDA:0,stbi_ldr_to_hdr_scale
FN:1462,stbi_hdr_to_ldr_gamma
FNDA:0,stbi_hdr_to_ldr_gamma
FN:1463,stbi_hdr_to_ldr_scale
FNDA:0,stbi_hdr_to_ldr_scale
FN:1477,_ZL19stbi__refill_bufferP13stbi__context
FNDA:29764,_ZL19stbi__refill_bufferP13stbi__context
FN:1496,_ZL10stbi__get8P13stbi__context
FNDA:3777672,_ZL10stbi__get8P13stbi__context
FN:1508,_ZL12stbi__at_eofP13stbi__context
FNDA:0,_ZL12stbi__at_eofP13stbi__context
FN:1523,_ZL10stbi__skipP13stbi__contexti
FNDA:124,_ZL10stbi__skipP13stbi__contexti
FN:1543,_ZL10stbi__getnP13stbi__contextPhi
FNDA:156,_ZL10stbi__getnP13stbi__contextPhi
FN:1571,_ZL13stbi__get16beP13stbi__context
FNDA:2532,_ZL13stbi__get16beP13stbi__context
FN:1577,_ZL13stbi__get32beP13stbi__context
FNDA:1190,_ZL13stbi__get32beP13stbi__context
FN:1586,_ZL13stbi__get16leP13stbi__context
FNDA:0,_ZL13stbi__get16leP13stbi__context
FN:1594,_ZL13stbi__get32leP13stbi__context
FNDA:0,_ZL13stbi__get32leP13stbi__context
FN:1614,_ZL15stbi__compute_yiii
FNDA:0,_ZL15stbi__compute_yiii
FN:1620,_ZL20stbi__convert_formatPhiijj
FNDA:0,_ZL20stbi__convert_formatPhiijj
FN:1689,_ZL18stbi__compute_y_16iii
FNDA:0,_ZL18stbi__compute_y_16iii
FN:1695,_ZL22stbi__convert_format16Ptiijj
FNDA:0,_ZL22stbi__convert_format16Ptiijj
FN:1768,_ZL16stbi__ldr_to_hdrPhiii
FNDA:0,_ZL16stbi__ldr_to_hdrPhiii
FN:1802,_ZL16stbi__hdr_to_ldrPfiii
FNDA:0,_ZL16stbi__hdr_to_ldrPfiii
FN:1938,_ZL19stbi__build_huffmanP13stbi__huffmanPi
FNDA:56,_ZL19stbi__build_huffmanP13stbi__huffmanPi
FN:1987,_ZL19stbi__build_fast_acPsP13stbi__huffman
FNDA:28,_ZL19stbi__build_fast_acPsP13stbi__huffman
FN:2016,_ZL24stbi__grow_buffer_unsafeP10stbi__jpeg
FNDA:1830778,_ZL24stbi__grow_buffer_unsafeP10stbi__jpeg
FN:2041,_ZL22stbi__jpeg_huff_decodeP10stbi__jpegP13stbi__huffman
FNDA:4933892,_ZL22stbi__jpeg_huff_decodeP10stbi__jpegP13stbi__huffman
FN:2099,_ZL20stbi__extend_receiveP10stbi__jpegi
FNDA:1264790,_ZL20stbi__extend_receiveP10stbi__jpegi
FN:2116,_ZL19stbi__jpeg_get_bitsP10stbi__jpegi
FNDA:0,_ZL19stbi__jpeg_get_bitsP10stbi__jpegi
FN:2128,_ZL18stbi__jpeg_get_bitP10stbi__jpeg
FNDA:0,_ZL18stbi__jpeg_get_bitP10stbi__jpeg
FN:2149,_ZL23stbi__jpeg_decode_blockP10stbi__jpegPsP13stbi__huffmanS3_S1_iPh
FNDA:2361996,_ZL23stbi__jpeg_decode_blockP10stbi__jpegPsP13stbi__huffmanS3_S1_iPh
FN:2215,_ZL31stbi__jpeg_decode_block_prog_dcP10stbi__jpegPsP13stbi__huffmani
FNDA:0,_ZL31stbi__jpeg_decode_block_prog_dcP10stbi__jpegPsP13stbi__huffmani
FN:2248,_ZL31stbi__jpeg_decode_block_prog_acP10stbi__jpegPsP13stbi__huffmanS1_
FNDA:0,_ZL31stbi__jpeg_decode_block_prog_acP10stbi__jpegPsP13stbi__huffmanS1_
FN:2404,_ZL11stbi__clampi
FNDA:0,_ZL11stbi__clampi
FN:2458,_ZL16stbi__idct_blockPhiPs
FNDA:0,_ZL16stbi__idct_blockPhiPs
FN:2529,_ZL15stbi__idct_simdPhiPs
FNDA:2361996,_ZL15stbi__idct_simdPhiPs
FN:2971,_ZL16stbi__get_markerP10stbi__jpeg
FNDA:210,_ZL16stbi__get_markerP10stbi__jpeg
FN:2994,_ZL16stbi__jpeg_resetP10stbi__jpeg
FNDA:14,_ZL16stbi__jpeg_resetP10stbi__jpeg
FN:3007,_ZL30stbi__parse_entropy_coded_dataP10stbi__jpeg
FNDA:14,_ZL30stbi__parse_entropy_coded_dataP10stbi__jpeg
FN:3183,_ZL21stbi__jpeg_dequantizePsPh
FNDA:0,_ZL21stbi__jpeg_dequantizePsPh
FN:3190,_ZL17stbi__jpeg_finishP10stbi__jpeg
FNDA:0,_ZL17stbi__jpeg_finishP10stbi__jpeg
FN:3215,_ZL20stbi__process_markerP10stbi__jpegi
FNDA:96,_ZL20stbi__process_markerP10stbi__jpegi
FN:3293,_ZL25stbi__process_scan_headerP10stbi__jpeg
FNDA:14,_ZL25stbi__process_scan_headerP10stbi__jpeg
FN:3346,_ZL26stbi__free_jpeg_componentsP10stbi__jpegii
FNDA:14,_ZL26stbi__free_jpeg_componentsP10stbi__jpegii
FN:3372,_ZL26stbi__process_frame_headerP10stbi__jpegi
FNDA:14,_ZL26stbi__process_frame_headerP10stbi__jpegi
FN:3500,_ZL24stbi__decode_jpeg_headerP10stbi__jpegi
FNDA:72,_ZL24stbi__decode_jpeg_headerP10stbi__jpegi
FN:3530,_ZL23stbi__decode_jpeg_imageP10stbi__jpeg
FNDA:14,_ZL23stbi__decode_jpeg_imageP10stbi__jpeg
FN:3588,_ZL14resample_row_1PhS_S_ii
FNDA:74178,_ZL14resample_row_1PhS_S_ii
FN:3598,_ZL22stbi__resample_row_v_2PhS_S_ii
FNDA:0,_ZL22stbi__resample_row_v_2PhS_S_ii
FN:3609,_ZL22stbi__resample_row_h_2PhS_S_ii
FNDA:0,_ZL22stbi__resample_row_h_2PhS_S_ii
FN:3642,_ZL23stbi__resample_row_hv_2PhS_S_ii
FNDA:0,_ZL23stbi__resample_row_hv_2PhS_S_ii
FN:3670,_ZL28stbi__resample_row_hv_2_simdPhS_S_ii
FNDA:900,_ZL28stbi__resample_row_hv_2_simdPhS_S_ii
FN:3790,_ZL26stbi__resample_row_genericPhS_S_ii
FNDA:0,_ZL26stbi__resample_row_genericPhS_S_ii
FN:3853,_ZL22stbi__YCbCr_to_RGB_rowPhPKhS1_S1_ii
FNDA:0,_ZL22stbi__YCbCr_to_RGB_rowPhPKhS1_S1_ii
FN:3900,_ZL23stbi__YCbCr_to_RGB_simdPhPKhS1_S1_ii
FNDA:25026,_ZL23stbi__YCbCr_to_RGB_simdPhPKhS1_S1_ii
FN:4059,_ZL16stbi__setup_jpegP10stbi__jpeg
FNDA:72,_ZL16stbi__setup_jpegP10stbi__jpeg
FN:4086,_ZL18stbi__cleanup_jpegP10stbi__jpeg
FNDA:14,_ZL18stbi__cleanup_jpegP10stbi__jpeg
FN:4098,_ZL15load_jpeg_imageP10stbi__jpegPiS1_S1_i
FNDA:14,_ZL15load_jpeg_imageP10stbi__jpegPiS1_S1_i
FN:4240,_ZL15stbi__jpeg_loadP13stbi__contextPiS1_S1_iP17stbi__result_info
FNDA:14,_ZL15stbi__jpeg_loadP13stbi__contextPiS1_S1_iP17stbi__result_info
FN:4251,_ZL15stbi__jpeg_testP13stbi__context
FNDA:58,_ZL15stbi__jpeg_testP13stbi__context
FN:4262,_ZL19stbi__jpeg_info_rawP10stbi__jpegPiS1_S1_
FNDA:0,_ZL19stbi__jpeg_info_rawP10stbi__jpegPiS1_S1_
FN:4278,_ZL15stbi__jpeg_infoP13stbi__contextPiS1_S1_
FNDA:0,_ZL15stbi__jpeg_infoP13stbi__contextPiS1_S1_
FN:4314,_ZL18stbi__bitreverse16i
FNDA:138518,_ZL18stbi__bitreverse16i
FN:4323,_ZL17stbi__bit_reverseii
FNDA:138518,_ZL17stbi__bit_reverseii
FN:4331,_ZL20stbi__zbuild_huffmanP14stbi__zhuffmanPhi
FNDA:636,_ZL20stbi__zbuild_huffmanP14stbi__zhuffmanPhi
FN:4404,_ZL11stbi__zget8P10stbi__zbuf
FNDA:2931342,_ZL11stbi__zget8P10stbi__zbuf
FN:4411,_ZL15stbi__fill_bitsP10stbi__zbuf
FNDA:1302928,_ZL15stbi__fill_bitsP10stbi__zbuf
FN:4421,_ZL14stbi__zreceiveP10stbi__zbufi
FNDA:746254,_ZL14stbi__zreceiveP10stbi__zbufi
FN:4432,_ZL30stbi__zhuffman_decode_slowpathP10stbi__zbufP14stbi__zhuffman
FNDA:118212,_ZL30stbi__zhuffman_decode_slowpathP10stbi__zbufP14stbi__zhuffman
FN:4451,_ZL21stbi__zhuffman_decodeP10stbi__zbufP14stbi__zhuffman
FNDA:3622282,_ZL21stbi__zhuffman_decodeP10stbi__zbufP14stbi__zhuffman
FN:4467,_ZL13stbi__zexpandP10stbi__zbufPci
FNDA:0,_ZL13stbi__zexpandP10stbi__zbufPci
FN:4502,_ZL25stbi__parse_huffman_blockP10stbi__zbuf
FNDA:212,_ZL25stbi__parse_huffman_blockP10stbi__zbuf
FN:4571,_ZL27stbi__compute_huffman_codesP10stbi__zbuf
FNDA:212,_ZL27stbi__compute_huffman_codesP10stbi__zbuf
FN:4634,_ZL30stbi__parse_uncompressed_blockP10stbi__zbuf
FNDA:0,_ZL30stbi__parse_uncompressed_blockP10stbi__zbuf
FN:4667,_ZL23stbi__parse_zlib_headerP10stbi__zbuf
FNDA:44,_ZL23stbi__parse_zlib_headerP10stbi__zbuf
FN:4687,_ZL20stbi__init_zdefaultsv
FNDA:0,_ZL20stbi__init_zdefaultsv
FN:4703,_ZL16stbi__parse_zlibP10stbi__zbufi
FNDA:44,_ZL16stbi__parse_zlibP10stbi__zbufi
FN:4748,_ZL13stbi__do_zlibP10stbi__zbufPciii
FNDA:44,_ZL13stbi__do_zlibP10stbi__zbufPciii
FN:4759,stbi_zlib_decode_malloc_guesssize
FNDA:0,stbi_zlib_decode_malloc_guesssize
FN:4780,stbi_zlib_decode_malloc
FNDA:0,stbi_zlib_decode_malloc
FN:4785,stbi_zlib_decode_malloc_guesssize_headerflag
FNDA:44,stbi_zlib_decode_malloc_guesssize_headerflag
FN:4807,stbi_zlib_decode_buffer
FNDA:0,stbi_zlib_decode_buffer
FN:4818,stbi_zlib_decode_noheader_malloc
FNDA:0,stbi_zlib_decode_noheader_malloc
FN:4839,stbi_zlib_decode_noheader_buffer
FNDA:0,stbi_zlib_decode_noheader_buffer
FN:4868,_ZL22stbi__get_chunk_headerP13stbi__context
FNDA:382,_ZL22stbi__get_chunk_headerP13stbi__context
FN:4876,_ZL22stbi__check_png_headerP13stbi__context
FNDA:88,_ZL22stbi__check_png_headerP13stbi__context
FN:4908,_ZL11stbi__paethiii
FNDA:20361728,_ZL11stbi__paethiii
FN:4924,_ZL26stbi__create_png_image_rawP9stbi__pngPhjijjii
FNDA:44,_ZL26stbi__create_png_image_rawP9stbi__pngPhjijjii
FN:5252,_ZL22stbi__create_png_imageP9stbi__pngPhjiiii
FNDA:44,_ZL22stbi__create_png_imageP9stbi__pngPhjiiii
FN:5306,_ZL26stbi__compute_transparencyP9stbi__pngPhi
FNDA:0,_ZL26stbi__compute_transparencyP9stbi__pngPhi
FN:5336,_ZL28stbi__compute_transparency16P9stbi__pngPti
FNDA:0,_ZL28stbi__compute_transparency16P9stbi__pngPti
FN:5366,_ZL24stbi__expand_png_paletteP9stbi__pngPhii
FNDA:28,_ZL24stbi__expand_png_paletteP9stbi__pngPhii
FN:5412,stbi_set_unpremultiply_on_load
FNDA:0,stbi_set_unpremultiply_on_load
FN:5417,stbi_convert_iphone_png_to_rgb
FNDA:0,stbi_convert_iphone_png_to_rgb
FN:5422,_ZL15stbi__de_iphoneP9stbi__png
FNDA:0,_ZL15stbi__de_iphoneP9stbi__png
FN:5478,_ZL20stbi__parse_png_fileP9stbi__pngii
FNDA:44,_ZL20stbi__parse_png_fileP9stbi__pngii
FN:5738,_ZL12stbi__do_pngP9stbi__pngPiS1_S1_iP17stbi__result_info
FNDA:44,_ZL12stbi__do_pngP9stbi__pngPiS1_S1_iP17stbi__result_info
FN:5779,_ZL14stbi__png_loadP13stbi__contextPiS1_S1_iP17stbi__result_info
FNDA:44,_ZL14stbi__png_loadP13stbi__contextPiS1_S1_iP17stbi__result_info
FN:5786,_ZL14stbi__png_testP13stbi__context
FNDA:44,_ZL14stbi__png_testP13stbi__context
FN:5794,_ZL18stbi__png_info_rawP9stbi__pngPiS1_S1_
FNDA:0,_ZL18stbi__png_info_rawP9stbi__pngPiS1_S1_
FN:5810,_ZL14stbi__png_infoP13stbi__contextPiS1_S1_
FNDA:0,_ZL14stbi__png_infoP13stbi__contextPiS1_S1_
FN:5821,_ZL18stbi__bmp_test_rawP13stbi__context
FNDA:0,_ZL18stbi__bmp_test_rawP13stbi__context
FN:5838,_ZL14stbi__bmp_testP13stbi__context
FNDA:0,_ZL14stbi__bmp_testP13stbi__context
FN:5846,_ZL14stbi__high_bitj
FNDA:0,_ZL14stbi__high_bitj
FN:5864,_ZL14stbi__bitcountj
FNDA:0,_ZL14stbi__bitcountj
FN:5874,_ZL17stbi__shiftsignediii
FNDA:0,_ZL17stbi__shiftsignediii
FN:5900,_ZL22stbi__bmp_parse_headerP13stbi__contextP14stbi__bmp_data
FNDA:0,_ZL22stbi__bmp_parse_headerP13stbi__contextP14stbi__bmp_data
FN:6009,_ZL14stbi__bmp_loadP13stbi__contextPiS1_S1_iP17stbi__result_info
FNDA:0,_ZL14stbi__bmp_loadP13stbi__contextPiS1_S1_iP17stbi__result_info
FN:6227,_ZL18stbi__tga_get_compiiPi
FNDA:0,_ZL18stbi__tga_get_compiiPi
FN:6252,_ZL14stbi__tga_infoP13stbi__contextPiS1_S1_
FNDA:0,_ZL14stbi__tga_infoP13stbi__contextPiS1_S1_
FN:6336,_ZL14stbi__tga_testP13stbi__context
FNDA:0,_ZL14stbi__tga_testP13stbi__context
FN:6379,_ZL20stbi__tga_read_rgb16P13stbi__contextPh
FNDA:0,_ZL20stbi__tga_read_rgb16P13stbi__contextPh
FN:6399,_ZL14stbi__tga_loadP13stbi__contextPiS1_S1_iP17stbi__result_info
FNDA:0,_ZL14stbi__tga_loadP13stbi__contextPiS1_S1_iP17stbi__result_info
FN:6620,_ZL14stbi__psd_testP13stbi__context
FNDA:0,_ZL14stbi__psd_testP13stbi__context
FN:6627,_ZL20stbi__psd_decode_rleP13stbi__contextPhi
FNDA:0,_ZL20stbi__psd_decode_rleP13stbi__contextPhi
FN:6675,_ZL14stbi__psd_loadP13stbi__contextPiS1_S1_iP17stbi__result_infoi
FNDA:0,_ZL14stbi__psd_loadP13stbi__contextPiS1_S1_iP17stbi__result_infoi
FN:6917,_ZL13stbi__pic_is4P13stbi__contextPKc
FNDA:0,_ZL13stbi__pic_is4P13stbi__contextPKc
FN:6927,_ZL19stbi__pic_test_coreP13stbi__context
FNDA:0,_ZL19stbi__pic_test_coreP13stbi__context
FN:6948,_ZL13stbi__readvalP13stbi__contextiPh
FNDA:0,_ZL13stbi__readvalP13stbi__contextiPh
FN:6965,_ZL13stbi__copyvaliPhPKh
FNDA:0,_ZL13stbi__copyvaliPhPKh
FN:6975,_ZL19stbi__pic_load_coreP13stbi__contextiiPiPh
FNDA:0,_ZL19stbi__pic_load_coreP13stbi__contextiiPiPh
FN:7103,_ZL14stbi__pic_loadP13stbi__contextPiS1_S1_iP17stbi__result_info
FNDA:0,_ZL14stbi__pic_loadP13stbi__contextPiS1_S1_iP17stbi__result_info
FN:7141,_ZL14stbi__pic_testP13stbi__context
FNDA:0,_ZL14stbi__pic_testP13stbi__context
FN:7177,_ZL18stbi__gif_test_rawP13stbi__context
FNDA:0,_ZL18stbi__gif_test_rawP13stbi__context
FN:7191,_ZL14stbi__gif_testP13stbi__context
FNDA:0,_ZL14stbi__gif_testP13stbi__context
FN:7199,_ZL26stbi__gif_parse_colortableP13stbi__contextPA4_hii
FNDA:0,_ZL26stbi__gif_parse_colortableP13stbi__contextPA4_hii
FN:7211,_ZL16stbi__gif_headerP13stbi__contextP9stbi__gifPii
FNDA:0,_ZL16stbi__gif_headerP13stbi__contextP9stbi__gifPii
FN:7244,_ZL18stbi__gif_info_rawP13stbi__contextPiS1_S1_
FNDA:0,_ZL18stbi__gif_info_rawP13stbi__contextPiS1_S1_
FN:7261,_ZL18stbi__out_gif_codeP9stbi__gift
FNDA:0,_ZL18stbi__out_gif_codeP9stbi__gift
FN:7299,_ZL24stbi__process_gif_rasterP13stbi__contextP9stbi__gif
FNDA:0,_ZL24stbi__process_gif_rasterP13stbi__contextP9stbi__gif
FN:7398,_ZL25stbi__fill_gif_backgroundP9stbi__gifiiii
FNDA:0,_ZL25stbi__fill_gif_backgroundP9stbi__gifiiii
FN:7416,_ZL19stbi__gif_load_nextP13stbi__contextP9stbi__gifPii
FNDA:0,_ZL19stbi__gif_load_nextP13stbi__contextP9stbi__gifPii
FN:7557,_ZL14stbi__gif_loadP13stbi__contextPiS1_S1_iP17stbi__result_info
FNDA:0,_ZL14stbi__gif_loadP13stbi__contextPiS1_S1_iP17stbi__result_info
FN:7580,_ZL14stbi__gif_infoP13stbi__contextPiS1_S1_
FNDA:0,_ZL14stbi__gif_infoP13stbi__contextPiS1_S1_
FN:7590,_ZL19stbi__hdr_test_coreP13stbi__contextPKc
FNDA:0,_ZL19stbi__hdr_test_coreP13stbi__contextPKc
FN:7600,_ZL14stbi__hdr_testP13stbi__context
FNDA:0,_ZL14stbi__hdr_testP13stbi__context
FN:7613,_ZL18stbi__hdr_gettokenP13stbi__contextPc
FNDA:0,_ZL18stbi__hdr_gettokenP13stbi__contextPc
FN:7637,_ZL17stbi__hdr_convertPfPhi
FNDA:0,_ZL17stbi__hdr_convertPfPhi
FN:7676,_ZL14stbi__hdr_loadP13stbi__contextPiS1_S1_iP17stbi__result_info
FNDA:0,_ZL14stbi__hdr_loadP13stbi__contextPiS1_S1_iP17stbi__result_info
FN:7843,_ZL14stbi__hdr_infoP13stbi__contextPiS1_S1_
FNDA:0,_ZL14stbi__hdr_infoP13stbi__contextPiS1_S1_
FN:7892,_ZL14stbi__bmp_infoP13stbi__contextPiS1_S1_
FNDA:0,_ZL14stbi__bmp_infoP13stbi__contextPiS1_S1_
FN:7910,_ZL14stbi__psd_infoP13stbi__contextPiS1_S1_
FNDA:0,_ZL14stbi__psd_infoP13stbi__contextPiS1_S1_
FN:7948,_ZL14stbi__pic_infoP13stbi__contextPiS1_S1_
FNDA:0,_ZL14stbi__pic_infoP13stbi__contextPiS1_S1_
FN:8022,_ZL14stbi__pnm_testP13stbi__context
FNDA:0,_ZL14stbi__pnm_testP13stbi__context
FN:8036,_ZL14stbi__pnm_loadP13stbi__contextPiS1_S1_iP17stbi__result_info
FNDA:0,_ZL14stbi__pnm_loadP13stbi__contextPiS1_S1_iP17stbi__result_info
FN:8065,_ZL17stbi__pnm_isspacec
FNDA:0,_ZL17stbi__pnm_isspacec
FN:8070,_ZL25stbi__pnm_skip_whitespaceP13stbi__contextPc
FNDA:0,_ZL25stbi__pnm_skip_whitespaceP13stbi__contextPc
FN:8085,_ZL17stbi__pnm_isdigitc
FNDA:0,_ZL17stbi__pnm_isdigitc
FN:8087,_ZL20stbi__pnm_getintegerP13stbi__contextPc
FNDA:0,_ZL20stbi__pnm_getintegerP13stbi__contextPc
FN:8100,_ZL14stbi__pnm_infoP13stbi__contextPiS1_S1_
FNDA:0,_ZL14stbi__pnm_infoP13stbi__contextPiS1_S1_
FN:8136,_ZL15stbi__info_mainP13stbi__contextPiS1_S1_
FNDA:0,_ZL15stbi__info_mainP13stbi__contextPiS1_S1_
FN:8187,stbi_info
FNDA:0,stbi_info
FN:8198,stbi_info_from_file
FNDA:0,stbi_info_from_file
FN:8210,stbi_info_from_memory
FNDA:0,stbi_info_from_memory
FN:8218,stbi_info_from_callbacks
FNDA:0,stbi_info_from_callbacks
DA:741,72
DA:745,72
DA:795,0
DA:797,0
DA:798,0
DA:799,0
DA:800,0
DA:801,0
DA:804,58
DA:806,58
DA:807,58
DA:808,58
DA:809,58
DA:810,58
DA:811,58
DA:812,58
DA:813,58
DA:817,29920
DA:819,29920
DA:822,88
DA:824,0
DA:832,58
DA:834,58
DA:835,58
DA:841,102
DA:846,102
DA:847,102
DA:848,102
DA:929,0
DA:931,44
DA:933,44
DA:934,44
DA:937,228
DA:951,142
DA:953,142
DA:954,0
DA:959,142
DA:964,214
DA:966,214
DA:967,0
DA:968,214
DA:969,0
DA:971,214
DA:975,70
DA:977,70
DA:981,72
DA:983,144
DA:984,144
DA:988,0
DA:990,0
DA:991,0
DA:995,70
DA:997,70
DA:998,0
DA:999,70
DA:1002,58
DA:1004,58
DA:1005,0
DA:1006,58
DA:1009,0
DA:1011,0
DA:1012,0
DA:1013,0
DA:1031,58
DA:1043,8
DA:1045,8
DA:1046,8
DA:1048,58
DA:1051,58
DA:1052,58
DA:1053,58
DA:1055,58
DA:1058,58
DA:1059,14
DA:1062,44
DA:1063,44
DA:1066,0
DA:1067,0
DA:1070,0
DA:1071,0
DA:1074,0
DA:1075,0
DA:1078,0
DA:1079,0
DA:1082,0
DA:1083,0
DA:1087,0
DA:1089,0
DA:1090,0
DA:1096,0
DA:1097,0
DA:1100,0
DA:1103,0
DA:1106,0
DA:1109,0
DA:1110,0
DA:1111,0
DA:1113,0
DA:1114,0
DA:1117,0
DA:1118,0
DA:1121,0
DA:1124,0
DA:1127,0
DA:1128,0
DA:1129,0
DA:1131,0
DA:1132,0
DA:1135,0
DA:1136,0
DA:1140,58
DA:1143,58
DA:1145,58
DA:1146,0
DA:1148,58
DA:1150,0
DA:1152,0
DA:1153,0
DA:1158,58
DA:1160,32
DA:1161,32
DA:1163,32
DA:1166,12956
DA:1168,12136124
DA:1170,49735776
DA:1172,37612576
DA:1173,37612576
DA:1174,37612576
DA:1175,37612576
DA:1181,58
DA:1185,0
DA:1188,0
DA:1190,0
DA:1191,0
DA:1193,0
DA:1195,0
DA:1196,0
DA:1197,0
DA:1203,0
DA:1205,0
DA:1206,0
DA:1208,0
DA:1211,0
DA:1213,0
DA:1215,0
DA:1217,0
DA:1218,0
DA:1219,0
DA:1220,0
DA:1226,0
DA:1230,0
DA:1232,0
DA:1234,0
DA:1235,0
DA:1240,0
DA:1242,0
DA:1244,0
DA:1246,0
DA:1247,0
DA:1248,0
DA:1249,0
DA:1254,0
DA:1259,58
DA:1266,58
DA:1268,58
DA:1271,58
DA:1273,58
DA:1275,58
DA:1276,0
DA:1277,58
DA:1278,58
DA:1279,58
DA:1282,58
DA:1286,58
DA:1287,58
DA:1288,58
DA:1291,58
DA:1293,58
DA:1296,0
DA:1300,0
DA:1301,0
DA:1302,0
DA:1305,0
DA:1307,0
DA:1310,0
DA:1312,0
DA:1314,0
DA:1315,0
DA:1316,0
DA:1317,0
DA:1318,0
DA:1324,0
DA:1327,0
DA:1328,0
DA:1331,0
DA:1335,0
DA:1336,0
DA:1340,0
DA:1344,0
DA:1347,0
DA:1348,0
DA:1349,0
DA:1350,0
DA:1353,0
DA:1354,0
DA:1355,0
DA:1356,0
DA:1360,0
DA:1363,0
DA:1364,0
DA:1367,0
DA:1371,0
DA:1372,0
DA:1376,0
DA:1379,0
DA:1380,0
DA:1381,0
DA:1382,0
DA:1383,0
DA:1384,0
DA:1387,0
DA:1390,0
DA:1391,0
DA:1401,0
DA:1405,0
DA:1406,0
DA:1415,0
DA:1417,0
DA:1418,0
DA:1419,0
DA:1421,0
DA:1422,0
DA:1424,0
DA:1427,0
DA:1431,0
DA:1432,0
DA:1440,0
DA:1444,0
DA:1445,0
DA:1456,0
DA:1457,0
DA:1462,0
DA:1463,0
DA:1477,29764
DA:1479,29764
DA:1480,29764
DA:1484,0
DA:1485,0
DA:1486,0
DA:1487,0
DA:1491,29764
DA:1492,29764
DA:1494,29764
DA:1496,3777672
DA:1498,3777672
DA:1499,3747966
DA:1500,29706
DA:1502,29706
DA:1503,29706
DA:1505,0
DA:1508,0
DA:1510,0
DA:1512,0
DA:1513,0
DA:1516,0
DA:1517,0
DA:1520,0
DA:1523,124
DA:1525,124
DA:1527,0
DA:1528,0
DA:1530,124
DA:1532,124
DA:1533,124
DA:1535,88
DA:1536,88
DA:1537,88
DA:1540,36
DA:1543,156
DA:1545,156
DA:1547,156
DA:1548,156
DA:1552,156
DA:1554,156
DA:1555,156
DA:1556,156
DA:1557,156
DA:1561,0
DA:1563,0
DA:1564,0
DA:1565,0
DA:1568,0
DA:1571,2532
DA:1573,2532
DA:1574,2532
DA:1577,1190
DA:1579,1190
DA:1580,1190
DA:1586,0
DA:1588,0
DA:1589,0
DA:1594,0
DA:1596,0
DA:1597,0
DA:1614,0
DA:1616,0
DA:1620,0
DA:1625,0
DA:1626,0
DA:1627,0
DA:1629,0
DA:1630,0
DA:1632,0
DA:1633,0
DA:1636,0
DA:1638,0
DA:1639,0
DA:1647,0
DA:1649,0
DA:1650,0
DA:1651,0
DA:1652,0
DA:1653,0
DA:1654,0
DA:1655,0
DA:1656,0
DA:1657,0
DA:1658,0
DA:1659,0
DA:1660,0
DA:1661,0
DA:1663,0
DA:1665,0
DA:1666,0
DA:1667,0
DA:1668,0
DA:1669,0
DA:1670,0
DA:1671,0
DA:1672,0
DA:1674,0
DA:1676,0
DA:1677,0
DA:1678,0
DA:1679,0
DA:1680,0
DA:1685,0
DA:1686,0
DA:1689,0
DA:1691,0
DA:1695,0
DA:1700,0
DA:1701,0
DA:1702,0
DA:1704,0
DA:1705,0
DA:1707,0
DA:1708,0
DA:1711,0
DA:1713,0
DA:1714,0
DA:1722,0
DA:1724,0
DA:1725,0
DA:1726,0
DA:1727,0
DA:1728,0
DA:1729,0
DA:1730,0
DA:1731,0
DA:1732,0
DA:1733,0
DA:1734,0
DA:1735,0
DA:1736,0
DA:1738,0
DA:1740,0
DA:1741,0
DA:1742,0
DA:1743,0
DA:1745,0
DA:1747,0
DA:1748,0
DA:1749,0
DA:1750,0
DA:1752,0
DA:1754,0
DA:1755,0
DA:1756,0
DA:1757,0
DA:1758,0
DA:1763,0
DA:1764,0
DA:1768,0
DA:1772,0
DA:1773,0
DA:1774,0
DA:1775,0
DA:1777,0
DA:1778,0
DA:1781,0
DA:1782,0
DA:1784,0
DA:1785,0
DA:1787,0
DA:1789,0
DA:1790,0
DA:1792,0
DA:1793,0
DA:1795,0
DA:1796,0
DA:1802,0
DA:1806,0
DA:1807,0
DA:1808,0
DA:1809,0
DA:1811,0
DA:1812,0
DA:1815,0
DA:1816,0
DA:1818,0
DA:1819,0
DA:1821,0
DA:1824,0
DA:1825,0
DA:1826,0
DA:1827,0
DA:1828,0
DA:1829,0
DA:1831,0
DA:1833,0
DA:1834,0
DA:1835,0
DA:1836,0
DA:1837,0
DA:1838,0
DA:1841,0
DA:1842,0
DA:1938,56
DA:1940,56
DA:1942,952
DA:1943,1976
DA:1944,1080
DA:1945,56
DA:1948,56
DA:1949,56
DA:1950,952
DA:1953,896
DA:1954,896
DA:1956,1612
DA:1957,1080
DA:1958,532
DA:1959,0
DA:1962,896
DA:1963,896
DA:1965,56
DA:1968,56
DA:1969,1136
DA:1971,1080
DA:1972,1080
DA:1974,672
DA:1975,672
DA:1976,29146
DA:1978,28474
DA:1982,56
DA:1987,28
DA:1990,14364
DA:1992,14336
DA:1993,14336
DA:1994,14336
DA:1996,14272
DA:1997,14272
DA:1998,14272
DA:1999,14272
DA:2001,14272
DA:2004,8856
DA:2005,8856
DA:2006,8856
DA:2007,4428
DA:2009,8856
DA:2010,8856
DA:2014,28
DA:2016,3752302
DA:2020,3752302
DA:2021,3752302
DA:2023,12048
DA:2024,12048
DA:2026,14
DA:2027,14
DA:2028,14
DA:2031,3752288
DA:2032,3752288
DA:2033,3752288
DA:2041,4933892
DA:2046,4933892
DA:2047,2
DA:2051,4933892
DA:2052,4933892
DA:2053,4933892
DA:2055,4906346
DA:2056,4906346
DA:2057,0
DA:2058,4906346
DA:2059,4906346
DA:2060,4906346
DA:2069,27546
DA:2070,54034
DA:2071,54034
DA:2072,27546
DA:2073,27546
DA:2076,0
DA:2077,0
DA:2080,27546
DA:2081,0
DA:2084,27546
DA:2085,27546
DA:2088,27546
DA:2089,27546
DA:2090,27546
DA:2099,1264790
DA:2103,1264790
DA:2104,572
DA:2106,1264790
DA:2107,1264790
DA:2108,1264790
DA:2109,1264790
DA:2110,1264790
DA:2111,1264790
DA:2112,1264790
DA:2116,0
DA:2119,0
DA:2120,0
DA:2121,0
DA:2122,0
DA:2123,0
DA:2124,0
DA:2125,0
DA:2128,0
DA:2131,0
DA:2132,0
DA:2133,0
DA:2134,0
DA:2135,0
DA:2136,0
DA:2149,2361996
DA:2156,2361996
DA:2157,211842
DA:2158,2361996
DA:2159,2361996
DA:2160,0
DA:2163,2361996
DA:2165,2361996
DA:2166,2361996
DA:2167,2361996
DA:2168,2361996
DA:2171,2361996
DA:2176,6273476
DA:2177,1618362
DA:2178,6273476
DA:2179,6273476
DA:2180,6273476
DA:2182,3701580
DA:2183,3701580
DA:2184,3701580
DA:2185,3701580
DA:2187,3701580
DA:2188,3701580
DA:2192,2571896
DA:2193,2571896
DA:2194,0
DA:2195,2571896
DA:2196,2571896
DA:2197,2571896
DA:2199,2362066
DA:2200,2361996
DA:2201,70
DA:2205,209830
DA:2207,209830
DA:2208,209830
DA:2211,3911480
DA:2212,2361996
DA:2215,0
DA:2219,0
DA:2220,0
DA:2222,0
DA:2223,0
DA:2225,0
DA:2228,0
DA:2229,0
DA:2230,0
DA:2232,0
DA:2233,0
DA:2234,0
DA:2239,0
DA:2240,0
DA:2242,0
DA:2248,0
DA:2251,0
DA:2252,0
DA:2254,0
DA:2256,0
DA:2258,0
DA:2260,0
DA:2261,0
DA:2264,0
DA:2269,0
DA:2270,0
DA:2271,0
DA:2272,0
DA:2273,0
DA:2275,0
DA:2276,0
DA:2277,0
DA:2278,0
DA:2279,0
DA:2280,0
DA:2284,0
DA:2285,0
DA:2286,0
DA:2287,0
DA:2288,0
DA:2289,0
DA:2291,0
DA:2293,0
DA:2294,0
DA:2295,0
DA:2296,0
DA:2297,0
DA:2299,0
DA:2303,0
DA:2304,0
DA:2305,0
DA:2308,0
DA:2314,0
DA:2316,0
DA:2318,0
DA:2319,0
DA:2321,0
DA:2322,0
DA:2323,0
DA:2324,0
DA:2326,0
DA:2327,0
DA:2329,0
DA:2335,0
DA:2339,0
DA:2341,0
DA:2342,0
DA:2343,0
DA:2344,0
DA:2345,0
DA:2347,0
DA:2349,0
DA:2350,0
DA:2351,0
DA:2352,0
DA:2363,0
DA:2364,0
DA:2366,0
DA:2367,0
DA:2369,0
DA:2373,0
DA:2375,0
DA:2376,0
DA:2378,0
DA:2379,0
DA:2381,0
DA:2382,0
DA:2384,0
DA:2389,0
DA:2391,0
DA:2392,0
DA:2394,0
DA:2397,0
DA:2400,0
DA:2404,0
DA:2407,0
DA:2409,0
DA:2410,0
DA:2411,0
DA:2412,0
DA:2414,0
DA:2458,0
DA:2460,0
DA:2462,0
DA:2465,0
DA:2468,0
DA:2469,0
DA:2475,0
DA:2476,0
DA:2477,0
DA:2480,0
DA:2483,0
DA:2484,0
DA:2485,0
DA:2486,0
DA:2487,0
DA:2488,0
DA:2489,0
DA:2490,0
DA:2491,0
DA:2492,0
DA:2493,0
DA:2494,0
DA:2498,0
DA:2501,0
DA:2508,0
DA:2509,0
DA:2510,0
DA:2511,0
DA:2514,0
DA:2515,0
DA:2516,0
DA:2517,0
DA:2518,0
DA:2519,0
DA:2520,0
DA:2521,0
DA:2523,0
DA:2529,2361996
DA:2615,2361996
DA:2617,2361996
DA:2619,2361996
DA:2621,2361996
DA:2623,2361996
DA:2625,2361996
DA:2627,2361996
DA:2629,2361996
DA:2632,2361996
DA:2633,2361996
DA:2636,2361996
DA:2637,2361996
DA:2638,2361996
DA:2639,2361996
DA:2640,2361996
DA:2641,2361996
DA:2642,2361996
DA:2643,4723992
DA:2646,243285588
DA:2650,4723992
DA:2651,4723992
DA:2652,4723992
DA:2653,4723992
DA:2656,4723992
DA:2657,4723992
DA:2658,4723992
DA:2659,4723992
DA:2662,4723992
DA:2663,4723992
DA:2664,4723992
DA:2665,7085988
DA:2669,245647584
DA:2673,2361996
DA:2674,2361996
DA:2675,2361996
DA:2676,2361996
DA:2679,4723992
DA:2680,4723992
DA:2683,4723992
DA:2684,4723992
DA:2687,4723992
DA:2688,7085988
DA:2692,2361996
DA:2693,2361996
DA:2694,2361996
DA:2696,2361996
DA:2697,2361996
DA:2698,2361996
DA:2700,2361996
DA:2701,2361996
DA:2702,2361996
DA:2704,2361996
DA:2705,2361996
DA:2717,2361996
DA:2971,210
DA:2974,210
DA:2976,14
DA:2977,14
DA:2978,14
DA:2980,196
DA:2981,196
DA:2982,44
DA:2983,304
DA:2984,152
DA:2985,152
DA:2994,14
DA:2996,14
DA:2997,14
DA:2998,14
DA:2999,14
DA:3000,14
DA:3001,14
DA:3002,14
DA:3005,14
DA:3007,14
DA:3009,14
DA:3010,14
DA:3012,14
DA:3016,0
DA:3021,0
DA:3022,0
DA:3023,0
DA:3025,0
DA:3027,0
DA:3028,0
DA:3029,0
DA:3030,0
DA:3031,0
DA:3032,0
DA:3033,0
DA:3036,0
DA:3038,0
DA:3039,0
DA:3042,0
DA:3043,0
DA:3044,0
DA:3048,0
DA:3054,3116
DA:3056,789984
DA:3059,3147528
DA:3061,2360646
DA:3064,4721742
DA:3066,4723092
DA:3068,2361996
DA:3069,2361996
DA:3070,2361996
DA:3071,2361996
DA:3072,2361996
DA:3073,2361996
DA:3074,0
DA:3075,2361996
DA:3076,2361996
DA:3083,786882
DA:3085,0
DA:3086,0
DA:3087,0
DA:3088,0
DA:3089,0
DA:3093,14
DA:3098,0
DA:3101,0
DA:3106,0
DA:3107,0
DA:3108,0
DA:3110,0
DA:3112,0
DA:3113,0
DA:3115,0
DA:3116,0
DA:3117,0
DA:3121,0
DA:3122,0
DA:3123,0
DA:3124,0
DA:3127,0
DA:3129,0
DA:3130,0
DA:3131,0
DA:3132,0
DA:3133,0
DA:3137,0
DA:3142,0
DA:3144,0
DA:3147,0
DA:3149,0
DA:3152,0
DA:3154,0
DA:3156,0
DA:3157,0
DA:3158,0
DA:3159,0
DA:3160,0
DA:3161,0
DA:3162,0
DA:3168,0
DA:3170,0
DA:3171,0
DA:3172,0
DA:3173,0
DA:3174,0
DA:3178,0
DA:3183,0
DA:3186,0
DA:3187,0
DA:3188,0
DA:3190,0
DA:3192,0
DA:3196,0
DA:3198,0
DA:3199,0
DA:3200,0
DA:3202,0
DA:3204,0
DA:3205,0
DA:3206,0
DA:3207,0
DA:3213,0
DA:3215,96
DA:3218,96
DA:3220,0
DA:3221,0
DA:3223,0
DA:3224,0
DA:3225,0
DA:3226,0
DA:3227,0
DA:3229,26
DA:3230,26
DA:3231,54
DA:3233,28
DA:3234,28
DA:3235,28
DA:3236,28
DA:3237,0
DA:3238,28
DA:3239,0
DA:3240,1820
DA:3241,1792
DA:3242,28
DA:3244,26
DA:3246,56
DA:3247,56
DA:3248,112
DA:3251,56
DA:3252,56
DA:3253,56
DA:3254,56
DA:3255,56
DA:3256,0
DA:3257,952
DA:3259,896
DA:3260,896
DA:3262,56
DA:3263,56
DA:3265,28
DA:3266,0
DA:3267,28
DA:3271,28
DA:3272,0
DA:3273,28
DA:3275,1136
DA:3276,1080
DA:3277,56
DA:3278,28
DA:3279,56
DA:3281,56
DA:3284,14
DA:3286,14
DA:3287,14
DA:3289,0
DA:3293,14
DA:3296,14
DA:3297,14
DA:3298,14
DA:3299,0
DA:3300,14
DA:3301,0
DA:3302,56
DA:3304,42
DA:3305,42
DA:3306,84
DA:3307,84
DA:3308,42
DA:3309,42
DA:3310,0
DA:3311,42
DA:3312,42
DA:3313,0
DA:3314,42
DA:3315,42
DA:3316,0
DA:3317,42
DA:3322,14
DA:3323,14
DA:3324,14
DA:3325,14
DA:3326,14
DA:3327,14
DA:3329,0
DA:3330,0
DA:3331,0
DA:3335,14
DA:3336,0
DA:3337,14
DA:3338,0
DA:3339,14
DA:3343,14
DA:3346,14
DA:3349,56
DA:3351,42
DA:3353,42
DA:3354,42
DA:3355,42
DA:3357,42
DA:3359,0
DA:3360,0
DA:3361,0
DA:3363,42
DA:3365,42
DA:3366,42
DA:3369,14
DA:3372,14
DA:3374,14
DA:3375,14
DA:3376,14
DA:3377,14
DA:3378,0
DA:3379,14
DA:3380,14
DA:3381,0
DA:3382,14
DA:3383,14
DA:3384,0
DA:3388,14
DA:3389,14
DA:3390,0
DA:3391,14
DA:3392,14
DA:3393,0
DA:3394,14
DA:3395,56
DA:3397,42
DA:3398,42
DA:3401,14
DA:3402,0
DA:3404,14
DA:3405,56
DA:3408,42
DA:3409,42
DA:3410,0
DA:3414,0
DA:3415,0
DA:3416,0
DA:3418,42
DA:3419,42
DA:3420,42
DA:3421,0
DA:3422,42
DA:3423,42
DA:3424,0
DA:3425,42
DA:3426,42
DA:3427,0
DA:3430,14
DA:3431,0
DA:3433,14
DA:3434,0
DA:3436,56
DA:3438,42
DA:3439,2
DA:3440,42
DA:3441,2
DA:3445,14
DA:3446,14
DA:3447,14
DA:3448,14
DA:3450,14
DA:3451,14
DA:3453,56
DA:3456,42
DA:3457,42
DA:3465,42
DA:3466,42
DA:3467,42
DA:3468,42
DA:3469,42
DA:3470,42
DA:3471,42
DA:3472,0
DA:3474,42
DA:3475,42
DA:3478,0
DA:3479,0
DA:3480,0
DA:3481,0
DA:3482,0
DA:3483,0
DA:3484,0
DA:3488,14
DA:3500,72
DA:3503,72
DA:3504,72
DA:3505,72
DA:3506,44
DA:3507,28
DA:3508,14
DA:3509,14
DA:3510,54
DA:3512,40
DA:3513,0
DA:3514,40
DA:3515,40
DA:3518,0
DA:3519,0
DA:3520,0
DA:3523,14
DA:3524,14
DA:3525,0
DA:3526,14
DA:3530,14
DA:3533,70
DA:3535,56
DA:3536,56
DA:3538,14
DA:3539,14
DA:3540,0
DA:3541,14
DA:3542,84
DA:3544,70
DA:3546,14
DA:3547,0
DA:3548,14
DA:3549,0
DA:3550,14
DA:3553,0
DA:3555,0
DA:3556,0
DA:3558,0
DA:3559,0
DA:3561,0
DA:3563,0
DA:3572,56
DA:3573,0
DA:3575,70
DA:3577,14
DA:3578,0
DA:3579,14
DA:3588,74178
DA:3594,74178
DA:3598,0
DA:3603,0
DA:3604,0
DA:3605,0
DA:3609,0
DA:3613,0
DA:3615,0
DA:3618,0
DA:3619,0
DA:3622,0
DA:3623,0
DA:3624,0
DA:3626,0
DA:3627,0
DA:3628,0
DA:3630,0
DA:3631,0
DA:3636,0
DA:3642,0
DA:3646,0
DA:3648,0
DA:3649,0
DA:3652,0
DA:3653,0
DA:3654,0
DA:3656,0
DA:3657,0
DA:3658,0
DA:3659,0
DA:3661,0
DA:3665,0
DA:3670,900
DA:3673,900
DA:3675,900
DA:3677,0
DA:3678,0
DA:3681,900
DA:3685,13500
DA:3690,12600
DA:3691,12600
DA:3692,25200
DA:3693,12600
DA:3694,12600
DA:3695,12600
DA:3696,12600
DA:3697,12600
DA:3704,12600
DA:3705,12600
DA:3706,12600
DA:3707,12600
DA:3713,12600
DA:3714,12600
DA:3715,12600
DA:3716,12600
DA:3717,12600
DA:3718,12600
DA:3719,12600
DA:3722,12600
DA:3723,12600
DA:3724,12600
DA:3725,12600
DA:3728,12600
DA:3729,12600
DA:3767,12600
DA:3770,900
DA:3771,900
DA:3772,900
DA:3774,900
DA:3776,0
DA:3777,0
DA:3778,0
DA:3779,0
DA:3781,900
DA:3785,900
DA:3790,0
DA:3795,0
DA:3796,0
DA:3797,0
DA:3798,0
DA:3853,0
DA:3857,0
DA:3859,0
DA:3861,0
DA:3862,0
DA:3863,0
DA:3864,0
DA:3865,0
DA:3866,0
DA:3867,0
DA:3868,0
DA:3869,0
DA:3871,0
DA:3872,0
DA:3874,0
DA:3876,0
DA:3878,0
DA:3879,0
DA:3881,0
DA:3883,0
DA:3885,0
DA:3886,0
DA:3888,0
DA:3890,0
DA:3891,0
DA:3892,0
DA:3893,0
DA:3894,0
DA:3896,0
DA:3900,25026
DA:3903,25026
DA:3909,25026
DA:3912,0
DA:3913,0
DA:3914,0
DA:3915,0
DA:3916,0
DA:3917,0
DA:3918,0
DA:3920,0
DA:3923,0
DA:3924,0
DA:3925,0
DA:3926,0
DA:3927,0
DA:3930,0
DA:3931,0
DA:3932,0
DA:3935,0
DA:3936,0
DA:3937,0
DA:3938,0
DA:3939,0
DA:3940,0
DA:3941,0
DA:3942,0
DA:3943,0
DA:3946,0
DA:3947,0
DA:3948,0
DA:3951,0
DA:3952,0
DA:3955,0
DA:3956,0
DA:3957,0
DA:3958,0
DA:3962,0
DA:3963,0
DA:4016,50457924
DA:4018,50432898
DA:4020,50432898
DA:4021,50432898
DA:4022,50432898
DA:4023,50432898
DA:4024,50432898
DA:4025,50432898
DA:4026,50432898
DA:4027,50432898
DA:4028,50432898
DA:4030,1558
DA:4031,1504
DA:4033,54
DA:4035,50432898
DA:4037,270
DA:4038,4
DA:4040,266
DA:4042,50432898
DA:4044,172
DA:4045,0
DA:4047,172
DA:4049,50432898
DA:4050,50432898
DA:4051,50432898
DA:4052,50432898
DA:4053,50432898
DA:4055,25026
DA:4059,72
DA:4061,72
DA:4062,72
DA:4063,72
DA:4066,72
DA:4068,72
DA:4070,72
DA:4072,72
DA:4083,72
DA:4086,14
DA:4098,14
DA:4101,14
DA:4104,14
DA:4105,0
DA:4108,14
DA:4110,0
DA:4111,0
DA:4115,14
DA:4117,14
DA:4118,0
DA:4120,14
DA:4131,56
DA:4133,42
DA:4137,42
DA:4138,42
DA:4140,0
DA:4141,0
DA:4144,42
DA:4145,42
DA:4146,42
DA:4147,42
DA:4148,42
DA:4149,42
DA:4151,42
DA:4152,38
DA:4153,4
DA:4154,0
DA:4155,4
DA:4156,0
DA:4157,4
DA:4158,4
DA:4160,0
DA:4164,14
DA:4165,14
DA:4167,0
DA:4168,0
DA:4172,25040
DA:4174,25026
DA:4175,100104
DA:4177,75078
DA:4178,75078
DA:4179,75078
DA:4182,75078
DA:4184,74630
DA:4185,74630
DA:4186,74630
DA:4187,74588
DA:4190,25026
DA:4192,25026
DA:4193,25026
DA:4195,25026
DA:4197,0
DA:4199,0
DA:4200,0
DA:4201,0
DA:4202,0
DA:4203,0
DA:4208,25026
DA:4212,0
DA:4214,0
DA:4215,0
DA:4216,0
DA:4221,0
DA:4222,0
DA:4223,0
DA:4224,0
DA:4226,0
DA:4227,0
DA:4230,14
DA:4231,14
DA:4232,14
DA:4233,14
DA:4234,14
DA:4235,14
DA:4240,14
DA:4243,14
DA:4244,14
DA:4245,14
DA:4246,14
DA:4247,14
DA:4248,14
DA:4251,58
DA:4255,58
DA:4256,58
DA:4257,58
DA:4258,58
DA:4259,58
DA:4262,0
DA:4264,0
DA:4266,0
DA:4267,0
DA:4269,0
DA:4270,0
DA:4271,0
DA:4272,0
DA:4273,0
DA:4274,0
DA:4275,0
DA:4278,0
DA:4281,0
DA:4282,0
DA:4283,0
DA:4284,0
DA:4285,0
DA:4314,138518
DA:4316,138518
DA:4317,138518
DA:4318,138518
DA:4319,138518
DA:4320,138518
DA:4323,138518
DA:4325,138518
DA:4328,138518
DA:4331,636
DA:4333,636
DA:4337,636
DA:4338,636
DA:4339,71294
DA:4340,70658
DA:4341,636
DA:4342,10176
DA:4343,9540
DA:4344,0
DA:4345,636
DA:4346,10176
DA:4348,9540
DA:4349,9540
DA:4350,9540
DA:4351,9540
DA:4352,9540
DA:4353,4840
DA:4354,0
DA:4355,9540
DA:4356,9540
DA:4357,9540
DA:4359,636
DA:4360,71294
DA:4362,70658
DA:4363,70658
DA:4365,39010
DA:4366,39010
DA:4367,39010
DA:4368,39010
DA:4369,39010
DA:4371,20306
DA:4372,342004
DA:4374,321698
DA:4375,321698
DA:4378,39010
DA:4381,636
DA:4404,2931342
DA:4406,2931342
DA:4407,0
DA:4408,2931342
DA:4411,2931254
DA:4415,2931254
DA:4416,2931254
DA:4417,2931254
DA:4418,2931254
DA:4419,1302928
DA:4421,746254
DA:4424,746254
DA:4425,2610
DA:4426,746254
DA:4427,746254
DA:4428,746254
DA:4429,746254
DA:4432,118212
DA:4437,118212
DA:4438,207164
DA:4439,207164
DA:4440,118212
DA:4441,118212
DA:4442,0
DA:4444,118212
DA:4445,118212
DA:4446,118212
DA:4447,118212
DA:4448,118212
DA:4451,3622282
DA:4454,3622282
DA:4455,1300318
DA:4456,3622282
DA:4457,3622282
DA:4459,3504070
DA:4460,3504070
DA:4461,3504070
DA:4462,3504070
DA:4464,118212
DA:4467,0
DA:4471,0
DA:4472,0
DA:4473,0
DA:4474,0
DA:4475,0
DA:4476,0
DA:4477,0
DA:4478,0
DA:4480,0
DA:4481,0
DA:4482,0
DA:4483,0
DA:4484,0
DA:4485,0
DA:4502,212
DA:4504,212
DA:4507,2947358
DA:4508,2947358
DA:4510,2307776
DA:4511,0
DA:4512,2307776
DA:4514,0
DA:4515,0
DA:4516,0
DA:4518,2307776
DA:4524,639582
DA:4526,212
DA:4527,212
DA:4529,639370
DA:4530,639370
DA:4531,639370
DA:4532,200344
DA:4533,639370
DA:4534,639370
DA:4535,0
DA:4536,639370
DA:4537,639370
DA:4538,538144
DA:4539,639370
DA:4540,0
DA:4541,639370
DA:4543,0
DA:4544,0
DA:4545,0
DA:4547,639370
DA:4548,639370
DA:4550,98830
DA:4551,98830
DA:4554,22993828
DA:4555,22993828
DA:4560,540540
DA:4563,17417172
DA:4564,17417172
DA:4568,2947146
DA:4571,212
DA:4580,212
DA:4581,212
DA:4582,212
DA:4583,212
DA:4585,212
DA:4586,3784
DA:4588,3572
DA:4589,3572
DA:4591,212
DA:4592,0
DA:4594,212
DA:4595,35766
DA:4597,35554
DA:4598,35554
DA:4599,0
DA:4600,35554
DA:4601,32420
DA:4604,3134
DA:4605,3134
DA:4607,1666
DA:4608,1666
DA:4609,0
DA:4610,1666
DA:4612,1468
DA:4613,1074
DA:4616,394
DA:4617,394
DA:4619,3134
DA:4620,0
DA:4621,3134
DA:4622,3134
DA:4625,212
DA:4626,0
DA:4627,212
DA:4628,0
DA:4629,212
DA:4630,0
DA:4631,212
DA:4634,0
DA:4638,0
DA:4639,0
DA:4641,0
DA:4642,0
DA:4644,0
DA:4645,0
DA:4646,0
DA:4648,0
DA:4650,0
DA:4651,0
DA:4652,0
DA:4653,0
DA:4654,0
DA:4655,0
DA:4656,0
DA:4657,0
DA:4658,0
DA:4659,0
DA:4660,0
DA:4661,0
DA:4662,0
DA:4663,0
DA:4664,0
DA:4667,44
DA:4669,44
DA:4670,44
DA:4672,44
DA:4673,44
DA:4674,0
DA:4675,44
DA:4676,0
DA:4677,44
DA:4678,0
DA:4682,44
DA:4687,0
DA:4690,0
DA:4691,0
DA:4692,0
DA:4693,0
DA:4694,0
DA:4695,0
DA:4696,0
DA:4697,0
DA:4699,0
DA:4700,0
DA:4701,0
DA:4703,44
DA:4706,44
DA:4707,44
DA:4708,0
DA:4709,44
DA:4710,44
DA:4713,212
DA:4714,212
DA:4715,212
DA:4717,0
DA:4718,0
DA:4720,212
DA:4722,0
DA:4726,212
DA:4729,0
DA:4730,0
DA:4731,0
DA:4732,0
DA:4733,0
DA:4734,0
DA:4738,212
DA:4739,0
DA:4741,212
DA:4742,0
DA:4744,212
DA:4745,44
DA:4748,44
DA:4750,44
DA:4751,44
DA:4752,44
DA:4753,44
DA:4755,44
DA:4759,0
DA:4762,0
DA:4763,0
DA:4764,0
DA:4765,0
DA:4766,0
DA:4767,0
DA:4769,0
DA:4770,0
DA:4771,0
DA:4775,0
DA:4776,0
DA:4780,0
DA:4782,0
DA:4785,44
DA:4789,44
DA:4790,44
DA:4791,0
DA:4792,44
DA:4793,44
DA:4794,44
DA:4796,44
DA:4797,44
DA:4798,44
DA:4802,0
DA:4803,0
DA:4807,0
DA:4810,0
DA:4811,0
DA:4812,0
DA:4813,0
DA:4815,0
DA:4818,0
DA:4821,0
DA:4822,0
DA:4823,0
DA:4824,0
DA:4825,0
DA:4826,0
DA:4828,0
DA:4829,0
DA:4830,0
DA:4834,0
DA:4835,0
DA:4839,0
DA:4842,0
DA:4843,0
DA:4844,0
DA:4845,0
DA:4847,0
DA:4868,382
DA:4871,382
DA:4872,382
DA:4873,382
DA:4876,88
DA:4880,792
DA:4881,704
DA:4882,0
DA:4883,88
DA:4908,20361728
DA:4910,20361728
DA:4911,20361728
DA:4912,20361728
DA:4913,20361728
DA:4914,20361728
DA:4915,17625614
DA:4916,2736114
DA:4917,2263736
DA:4918,472378
DA:4924,44
DA:4928,44
DA:4929,44
DA:4930,44
DA:4933,44
DA:4935,44
DA:4936,44
DA:4937,44
DA:4939,44
DA:4940,44
DA:4941,44
DA:4942,44
DA:4943,0
DA:4945,44
DA:4946,44
DA:4947,44
DA:4949,44
DA:4950,0
DA:4954,0
DA:4955,0
DA:4958,39780
DA:4960,39736
DA:4961,39736
DA:4962,39736
DA:4964,39736
DA:4965,0
DA:4967,39736
DA:4969,20480
DA:4970,20480
DA:4972,20480
DA:4973,20480
DA:4977,39736
DA:4978,44
DA:4981,104728
DA:4983,64992
DA:4985,12588
DA:4986,12588
DA:4987,12588
DA:4988,4680
DA:4989,4680
DA:4990,4680
DA:4991,25460
DA:4992,25460
DA:4993,25460
DA:4994,90
DA:4995,90
DA:4996,90
DA:4997,22174
DA:4998,22174
DA:4999,22174
DA:5000,0
DA:5001,0
DA:5002,0
DA:5003,0
DA:5004,0
DA:5005,0
DA:5009,39736
DA:5011,19256
DA:5012,0
DA:5013,19256
DA:5014,19256
DA:5015,19256
DA:5017,20480
DA:5019,0
DA:5021,0
DA:5022,0
DA:5024,0
DA:5025,0
DA:5026,0
DA:5030,20480
DA:5031,20480
DA:5032,20480
DA:5036,39736
DA:5038,39736
DA:5042,39736
DA:5045,12588
DA:5046,12588
DA:5047,12588
DA:5048,1786846
DA:5049,1318
DA:5050,18437682
DA:5051,17318
DA:5052,82878
DA:5054,82854
DA:5056,24
DA:5057,20348042
DA:5059,20339554
DA:5063,8488
DA:5064,0
DA:5066,0
DA:5068,0
DA:5069,0
DA:5071,0
DA:5073,0
DA:5076,39736
DA:5077,39736
DA:5080,0
DA:5086,0
DA:5088,0
DA:5089,0
DA:5090,0
DA:5091,0
DA:5092,0
DA:5093,0
DA:5094,0
DA:5096,0
DA:5098,0
DA:5099,0
DA:5101,0
DA:5105,0
DA:5106,0
DA:5108,0
DA:5110,0
DA:5111,0
DA:5113,0
DA:5115,0
DA:5121,0
DA:5123,0
DA:5124,0
DA:5126,0
DA:5135,44
DA:5137,20500
DA:5139,20480
DA:5140,20480
DA:5144,20480
DA:5153,20480
DA:5155,0
DA:5157,0
DA:5158,0
DA:5160,0
DA:5161,0
DA:5163,20480
DA:5165,1579008
DA:5167,1572864
DA:5168,1572864
DA:5169,1572864
DA:5170,1572864
DA:5172,6144
DA:5173,0
DA:5174,6144
DA:5175,0
DA:5176,6144
DA:5177,0
DA:5179,14336
DA:5181,1849344
DA:5183,1835008
DA:5184,1835008
DA:5185,1835008
DA:5186,1835008
DA:5187,1835008
DA:5188,1835008
DA:5189,1835008
DA:5190,1835008
DA:5192,14336
DA:5193,0
DA:5194,14336
DA:5195,0
DA:5196,14336
DA:5197,0
DA:5198,14336
DA:5199,0
DA:5200,14336
DA:5201,0
DA:5202,14336
DA:5203,0
DA:5204,14336
DA:5205,0
DA:5207,20480
DA:5211,0
DA:5212,0
DA:5214,0
DA:5216,0
DA:5217,0
DA:5222,0
DA:5223,0
DA:5225,0
DA:5226,0
DA:5227,0
DA:5228,0
DA:5234,24
DA:5240,0
DA:5241,0
DA:5243,0
DA:5245,0
DA:5249,44
DA:5252,44
DA:5256,44
DA:5257,44
DA:5260,44
DA:5261,44
DA:5262,44
DA:5265,0
DA:5266,0
DA:5268,0
DA:5269,0
DA:5270,0
DA:5271,0
DA:5274,0
DA:5275,0
DA:5276,0
DA:5278,0
DA:5279,0
DA:5282,0
DA:5283,0
DA:5285,0
DA:5287,0
DA:5289,0
DA:5290,0
DA:5291,0
DA:5292,0
DA:5293,0
DA:5296,0
DA:5297,0
DA:5298,0
DA:5301,0
DA:5303,0
DA:5306,0
DA:5308,0
DA:5309,0
DA:5310,0
DA:5314,0
DA:5316,0
DA:5318,0
DA:5320,0
DA:5321,0
DA:5326,0
DA:5328,0
DA:5329,0
DA:5330,0
DA:5333,0
DA:5336,0
DA:5338,0
DA:5339,0
DA:5340,0
DA:5344,0
DA:5346,0
DA:5348,0
DA:5350,0
DA:5351,0
DA:5356,0
DA:5358,0
DA:5359,0
DA:5360,0
DA:5363,0
DA:5366,28
DA:5368,28
DA:5369,28
DA:5371,28
DA:5372,28
DA:5373,0
DA:5376,28
DA:5378,28
DA:5380,29360156
DA:5382,29360128
DA:5383,29360128
DA:5384,29360128
DA:5385,29360128
DA:5386,29360128
DA:5391,0
DA:5393,0
DA:5394,0
DA:5395,0
DA:5396,0
DA:5397,0
DA:5398,0
DA:5401,28
DA:5402,28
DA:5406,28
DA:5412,0
DA:5414,0
DA:5415,0
DA:5417,0
DA:5419,0
DA:5420,0
DA:5422,0
DA:5424,0
DA:5425,0
DA:5426,0
DA:5428,0
DA:5430,0
DA:5432,0
DA:5433,0
DA:5434,0
DA:5435,0
DA:5440,0
DA:5441,0
DA:5444,0
DA:5446,0
DA:5447,0
DA:5448,0
DA:5450,0
DA:5451,0
DA:5452,0
DA:5456,0
DA:5457,0
DA:5459,0
DA:5465,0
DA:5467,0
DA:5468,0
DA:5469,0
DA:5470,0
DA:5474,0
DA:5478,44
DA:5480,44
DA:5481,44
DA:5483,44
DA:5484,44
DA:5485,44
DA:5487,44
DA:5488,44
DA:5489,44
DA:5491,44
DA:5492,0
DA:5494,44
DA:5495,0
DA:5499,382
DA:5500,382
DA:5502,0
DA:5503,0
DA:5504,0
DA:5505,0
DA:5506,44
DA:5509,44
DA:5510,44
DA:5511,44
DA:5512,44
DA:5513,0
DA:5514,44
DA:5515,44
DA:5516,0
DA:5517,44
DA:5518,44
DA:5519,0
DA:5520,44
DA:5521,44
DA:5522,0
DA:5523,44
DA:5524,44
DA:5525,0
DA:5526,44
DA:5527,0
DA:5528,44
DA:5529,28
DA:5530,16
DA:5531,0
DA:5532,44
DA:5533,44
DA:5534,0
DA:5535,44
DA:5536,44
DA:5537,0
DA:5538,44
DA:5539,44
DA:5540,0
DA:5541,44
DA:5542,0
DA:5543,44
DA:5545,16
DA:5546,16
DA:5547,0
DA:5548,16
DA:5549,0
DA:5555,28
DA:5556,28
DA:5557,0
DA:5560,44
DA:5563,28
DA:5565,28
DA:5566,0
DA:5567,28
DA:5568,0
DA:5569,28
DA:5570,28
DA:5571,0
DA:5572,984
DA:5574,956
DA:5575,956
DA:5576,956
DA:5577,956
DA:5579,28
DA:5582,0
DA:5584,0
DA:5585,0
DA:5586,0
DA:5587,0
DA:5588,0
DA:5590,0
DA:5592,0
DA:5593,0
DA:5595,0
DA:5596,0
DA:5597,0
DA:5598,0
DA:5599,0
DA:5600,0
DA:5601,0
DA:5605,0
DA:5606,0
DA:5607,0
DA:5608,0
DA:5609,0
DA:5610,0
DA:5612,0
DA:5613,0
DA:5617,0
DA:5618,0
DA:5619,0
DA:5620,0
DA:5623,0
DA:5626,156
DA:5628,156
DA:5629,0
DA:5630,156
DA:5631,0
DA:5632,156
DA:5634,0
DA:5635,0
DA:5637,156
DA:5638,0
DA:5639,156
DA:5641,72
DA:5643,72
DA:5644,44
DA:5645,100
DA:5646,28
DA:5648,72
DA:5649,72
DA:5650,0
DA:5651,72
DA:5653,156
DA:5654,0
DA:5655,156
DA:5656,156
DA:5659,44
DA:5662,44
DA:5663,0
DA:5664,44
DA:5665,0
DA:5666,44
DA:5667,0
DA:5669,44
DA:5670,44
DA:5671,88
DA:5672,44
DA:5673,44
DA:5674,0
DA:5675,44
DA:5676,44
DA:5677,44
DA:5678,0
DA:5680,44
DA:5681,44
DA:5683,0
DA:5684,44
DA:5686,0
DA:5688,0
DA:5689,0
DA:5693,0
DA:5694,0
DA:5697,44
DA:5698,0
DA:5699,44
DA:5702,28
DA:5703,28
DA:5704,28
DA:5705,0
DA:5706,28
DA:5707,0
DA:5709,44
DA:5710,44
DA:5711,44
DA:5714,110
DA:5716,110
DA:5717,0
DA:5718,110
DA:5723,0
DA:5724,0
DA:5725,0
DA:5726,0
DA:5728,0
DA:5730,110
DA:5731,110
DA:5734,338
DA:5735,338
DA:5738,44
DA:5740,44
DA:5741,44
DA:5742,0
DA:5743,44
DA:5745,44
DA:5746,20
DA:5748,24
DA:5749,44
DA:5750,44
DA:5751,44
DA:5753,0
DA:5754,0
DA:5755,0
DA:5757,0
DA:5758,0
DA:5759,0
DA:5760,0
DA:5761,0
DA:5763,44
DA:5764,44
DA:5765,44
DA:5766,44
DA:5768,44
DA:5769,44
DA:5770,44
DA:5771,44
DA:5772,44
DA:5773,44
DA:5775,44
DA:5779,44
DA:5782,44
DA:5783,88
DA:5786,44
DA:5789,44
DA:5790,44
DA:5791,44
DA:5794,0
DA:5796,0
DA:5798,0
DA:5799,0
DA:5801,0
DA:5802,0
DA:5803,0
DA:5804,0
DA:5805,0
DA:5806,0
DA:5807,0
DA:5810,0
DA:5813,0
DA:5814,0
DA:5821,0
DA:5825,0
DA:5826,0
DA:5827,0
DA:5828,0
DA:5829,0
DA:5830,0
DA:5831,0
DA:5832,0
DA:5833,0
DA:5834,0
DA:5835,0
DA:5838,0
DA:5840,0
DA:5841,0
DA:5842,0
DA:5846,0
DA:5848,0
DA:5849,0
DA:5850,0
DA:5851,0
DA:5852,0
DA:5853,0
DA:5854,0
DA:5855,0
DA:5856,0
DA:5857,0
DA:5858,0
DA:5859,0
DA:5860,0
DA:5861,0
DA:5864,0
DA:5866,0
DA:5867,0
DA:5868,0
DA:5869,0
DA:5870,0
DA:5871,0
DA:5874,0
DA:5877,0
DA:5879,0
DA:5880,0
DA:5882,0
DA:5883,0
DA:5885,0
DA:5886,0
DA:5888,0
DA:5889,0
DA:5891,0
DA:5900,0
DA:5903,0
DA:5904,0
DA:5905,0
DA:5906,0
DA:5907,0
DA:5908,0
DA:5909,0
DA:5910,0
DA:5912,0
DA:5913,0
DA:5914,0
DA:5916,0
DA:5917,0
DA:5921,0
DA:5922,0
DA:5924,0
DA:5925,0
DA:5926,0
DA:5927,0
DA:5928,0
DA:5929,0
DA:5931,0
DA:5932,0
DA:5933,0
DA:5934,0
DA:5935,0
DA:5936,0
DA:5937,0
DA:5938,0
DA:5939,0
DA:5941,0
DA:5943,0
DA:5944,0
DA:5945,0
DA:5946,0
DA:5948,0
DA:5950,0
DA:5952,0
DA:5954,0
DA:5955,0
DA:5956,0
DA:5957,0
DA:5958,0
DA:5963,0
DA:5964,0
DA:5965,0
DA:5968,0
DA:5970,0
DA:5971,0
DA:5972,0
DA:5974,0
DA:5977,0
DA:5981,0
DA:5987,0
DA:5988,0
DA:5989,0
DA:5990,0
DA:5991,0
DA:5992,0
DA:5993,0
DA:5994,0
DA:5995,0
DA:5996,0
DA:5998,0
DA:5999,0
DA:6000,0
DA:6001,0
DA:6005,0
DA:6009,0
DA:6012,0
DA:6014,0
DA:6019,0
DA:6020,0
DA:6021,0
DA:6023,0
DA:6024,0
DA:6026,0
DA:6027,0
DA:6028,0
DA:6029,0
DA:6030,0
DA:6032,0
DA:6034,0
DA:6035,0
DA:6039,0
DA:6040,0
DA:6043,0
DA:6044,0
DA:6045,0
DA:6047,0
DA:6050,0
DA:6051,0
DA:6053,0
DA:6054,0
DA:6055,0
DA:6056,0
DA:6058,0
DA:6059,0
DA:6061,0
DA:6062,0
DA:6064,0
DA:6066,0
DA:6067,0
DA:6068,0
DA:6069,0
DA:6070,0
DA:6071,0
DA:6073,0
DA:6074,0
DA:6075,0
DA:6076,0
DA:6077,0
DA:6080,0
DA:6081,0
DA:6083,0
DA:6084,0
DA:6086,0
DA:6088,0
DA:6089,0
DA:6091,0
DA:6092,0
DA:6094,0
DA:6095,0
DA:6096,0
DA:6097,0
DA:6098,0
DA:6099,0
DA:6100,0
DA:6101,0
DA:6102,0
DA:6103,0
DA:6104,0
DA:6105,0
DA:6106,0
DA:6108,0
DA:6113,0
DA:6114,0
DA:6115,0
DA:6116,0
DA:6117,0
DA:6118,0
DA:6119,0
DA:6120,0
DA:6121,0
DA:6123,0
DA:6124,0
DA:6125,0
DA:6127,0
DA:6129,0
DA:6131,0
DA:6132,0
DA:6134,0
DA:6136,0
DA:6138,0
DA:6139,0
DA:6142,0
DA:6143,0
DA:6144,0
DA:6145,0
DA:6146,0
DA:6147,0
DA:6148,0
DA:6149,0
DA:6151,0
DA:6153,0
DA:6155,0
DA:6158,0
DA:6159,0
DA:6160,0
DA:6161,0
DA:6162,0
DA:6163,0
DA:6164,0
DA:6165,0
DA:6170,0
DA:6171,0
DA:6174,0
DA:6176,0
DA:6177,0
DA:6178,0
DA:6179,0
DA:6180,0
DA:6181,0
DA:6182,0
DA:6185,0
DA:6190,0
DA:6191,0
DA:6192,0
DA:6194,0
DA:6197,0
DA:6199,0
DA:6200,0
DA:6201,0
DA:6203,0
DA:6208,0
DA:6210,0
DA:6211,0
DA:6212,0
DA:6215,0
DA:6216,0
DA:6217,0
DA:6218,0
DA:6219,0
DA:6227,0
DA:6230,0
DA:6231,0
DA:6232,0
DA:6234,0
DA:6235,0
DA:6236,0
DA:6237,0
DA:6238,0
DA:6241,0
DA:6242,0
DA:6243,0
DA:6244,0
DA:6246,0
DA:6247,0
DA:6248,0
DA:6252,0
DA:6256,0
DA:6257,0
DA:6258,0
DA:6260,0
DA:6261,0
DA:6263,0
DA:6264,0
DA:6266,0
DA:6268,0
DA:6269,0
DA:6271,0
DA:6272,0
DA:6273,0
DA:6275,0
DA:6276,0
DA:6278,0
DA:6279,0
DA:6283,0
DA:6286,0
DA:6287,0
DA:6289,0
DA:6290,0
DA:6292,0
DA:6293,0
DA:6295,0
DA:6296,0
DA:6298,0
DA:6299,0
DA:6301,0
DA:6302,0
DA:6304,0
DA:6305,0
DA:6306,0
DA:6308,0
DA:6312,0
DA:6313,0
DA:6315,0
DA:6319,0
DA:6320,0
DA:6322,0
DA:6324,0
DA:6325,0
DA:6327,0
DA:6328,0
DA:6329,0
DA:6330,0
DA:6331,0
DA:6332,0
DA:6333,0
DA:6336,0
DA:6338,0
DA:6340,0
DA:6341,0
DA:6342,0
DA:6343,0
DA:6344,0
DA:6345,0
DA:6347,0
DA:6348,0
DA:6349,0
DA:6350,0
DA:6351,0
DA:6352,0
DA:6353,0
DA:6357,0
DA:6358,0
DA:6359,0
DA:6361,0
DA:6362,0
DA:6363,0
DA:6364,0
DA:6365,0
DA:6366,0
DA:6367,0
DA:6368,0
DA:6369,0
DA:6371,0
DA:6373,0
DA:6374,0
DA:6375,0
DA:6379,0
DA:6381,0
DA:6382,0
DA:6384,0
DA:6385,0
DA:6386,0
DA:6388,0
DA:6389,0
DA:6390,0
DA:6396,0
DA:6399,0
DA:6402,0
DA:6403,0
DA:6404,0
DA:6405,0
DA:6406,0
DA:6407,0
DA:6408,0
DA:6409,0
DA:6410,0
DA:6411,0
DA:6412,0
DA:6413,0
DA:6414,0
DA:6415,0
DA:6419,0
DA:6421,0
DA:6422,0
DA:6423,0
DA:6424,0
DA:6428,0
DA:6430,0
DA:6431,0
DA:6433,0
DA:6436,0
DA:6437,0
DA:6439,0
DA:6441,0
DA:6443,0
DA:6446,0
DA:6447,0
DA:6448,0
DA:6449,0
DA:6451,0
DA:6452,0
DA:6454,0
DA:6455,0
DA:6456,0
DA:6459,0
DA:6461,0
DA:6463,0
DA:6465,0
DA:6466,0
DA:6467,0
DA:6469,0
DA:6473,0
DA:6476,0
DA:6478,0
DA:6479,0
DA:6481,0
DA:6482,0
DA:6484,0
DA:6486,0
DA:6487,0
DA:6488,0
DA:6490,0
DA:6491,0
DA:6494,0
DA:6496,0
DA:6497,0
DA:6498,0
DA:6502,0
DA:6505,0
DA:6507,0
DA:6510,0
DA:6511,0
DA:6512,0
DA:6513,0
DA:6515,0
DA:6517,0
DA:6522,0
DA:6525,0
DA:6528,0
DA:6531,0
DA:6532,0
DA:6535,0
DA:6537,0
DA:6538,0
DA:6540,0
DA:6543,0
DA:6545,0
DA:6546,0
DA:6551,0
DA:6553,0
DA:6557,0
DA:6561,0
DA:6562,0
DA:6565,0
DA:6568,0
DA:6570,0
DA:6572,0
DA:6573,0
DA:6574,0
DA:6576,0
DA:6577,0
DA:6578,0
DA:6579,0
DA:6580,0
DA:6585,0
DA:6587,0
DA:6592,0
DA:6594,0
DA:6595,0
DA:6597,0
DA:6598,0
DA:6599,0
DA:6600,0
DA:6605,0
DA:6606,0
DA:6610,0
DA:6612,0
DA:6620,0
DA:6622,0
DA:6623,0
DA:6624,0
DA:6627,0
DA:6631,0
DA:6632,0
DA:6634,0
DA:6635,0
DA:6639,0
DA:6642,0
DA:6643,0
DA:6644,0
DA:6645,0
DA:6646,0
DA:6648,0
DA:6649,0
DA:6650,0
DA:6653,0
DA:6658,0
DA:6659,0
DA:6660,0
DA:6661,0
DA:6662,0
DA:6663,0
DA:6665,0
DA:6666,0
DA:6667,0
DA:6672,0
DA:6675,0
DA:6687,0
DA:6688,0
DA:6691,0
DA:6692,0
DA:6695,0
DA:6698,0
DA:6699,0
DA:6700,0
DA:6703,0
DA:6704,0
DA:6707,0
DA:6708,0
DA:6709,0
DA:6721,0
DA:6722,0
DA:6725,0
DA:6728,0
DA:6731,0
DA:6737,0
DA:6738,0
DA:6739,0
DA:6742,0
DA:6743,0
DA:6747,0
DA:6749,0
DA:6750,0
DA:6753,0
DA:6755,0
DA:6756,0
DA:6757,0
DA:6763,0
DA:6775,0
DA:6778,0
DA:6782,0
DA:6783,0
DA:6786,0
DA:6787,0
DA:6792,0
DA:6794,0
DA:6795,0
DA:6806,0
DA:6808,0
DA:6811,0
DA:6813,0
DA:6814,0
DA:6815,0
DA:6816,0
DA:6817,0
DA:6820,0
DA:6821,0
DA:6822,0
DA:6823,0
DA:6828,0
DA:6830,0
DA:6831,0
DA:6832,0
DA:6836,0
DA:6837,0
DA:6839,0
DA:6840,0
DA:6844,0
DA:6845,0
DA:6853,0
DA:6855,0
DA:6857,0
DA:6859,0
DA:6860,0
DA:6862,0
DA:6863,0
DA:6864,0
DA:6865,0
DA:6866,0
DA:6867,0
DA:6873,0
DA:6875,0
DA:6876,0
DA:6878,0
DA:6879,0
DA:6880,0
DA:6881,0
DA:6882,0
DA:6883,0
DA:6890,0
DA:6892,0
DA:6893,0
DA:6895,0
DA:6896,0
DA:6897,0
DA:6900,0
DA:6901,0
DA:6902,0
DA:6903,0
DA:6905,0
DA:6917,0
DA:6920,0
DA:6921,0
DA:6922,0
DA:6924,0
DA:6927,0
DA:6931,0
DA:6932,0
DA:6934,0
DA:6935,0
DA:6937,0
DA:6938,0
DA:6940,0
DA:6948,0
DA:6950,0
DA:6952,0
DA:6954,0
DA:6956,0
DA:6957,0
DA:6958,0
DA:6962,0
DA:6965,0
DA:6967,0
DA:6969,0
DA:6970,0
DA:6971,0
DA:6972,0
DA:6975,0
DA:6977,0
DA:6986,0
DA:6987,0
DA:6989,0
DA:6991,0
DA:6992,0
DA:6993,0
DA:6994,0
DA:6996,0
DA:6998,0
DA:6999,0
DA:7000,0
DA:7001,0
DA:7002,0
DA:7004,0
DA:7006,0
DA:7010,0
DA:7012,0
DA:7013,0
DA:7015,0
DA:7017,0
DA:7018,0
DA:7020,0
DA:7024,0
DA:7025,0
DA:7026,0
DA:7027,0
DA:7030,0
DA:7032,0
DA:7034,0
DA:7038,0
DA:7039,0
DA:7040,0
DA:7042,0
DA:7043,0
DA:7045,0
DA:7046,0
DA:7048,0
DA:7049,0
DA:7050,0
DA:7053,0
DA:7055,0
DA:7057,0
DA:7058,0
DA:7060,0
DA:7061,0
DA:7062,0
DA:7064,0
DA:7068,0
DA:7069,0
DA:7071,0
DA:7072,0
DA:7073,0
DA:7075,0
DA:7076,0
DA:7078,0
DA:7079,0
DA:7083,0
DA:7084,0
DA:7085,0
DA:7087,0
DA:7088,0
DA:7089,0
DA:7091,0
DA:7093,0
DA:7099,0
DA:7103,0
DA:7109,0
DA:7110,0
DA:7112,0
DA:7113,0
DA:7114,0
DA:7115,0
DA:7116,0
DA:7117,0
DA:7119,0
DA:7120,0
DA:7121,0
DA:7124,0
DA:7125,0
DA:7127,0
DA:7129,0
DA:7130,0
DA:7132,0
DA:7133,0
DA:7134,0
DA:7135,0
DA:7136,0
DA:7138,0
DA:7141,0
DA:7143,0
DA:7144,0
DA:7145,0
DA:7177,0
DA:7180,0
DA:7181,0
DA:7182,0
DA:7183,0
DA:7184,0
DA:7185,0
DA:7186,0
DA:7187,0
DA:7188,0
DA:7191,0
DA:7193,0
DA:7194,0
DA:7195,0
DA:7199,0
DA:7202,0
DA:7204,0
DA:7205,0
DA:7206,0
DA:7207,0
DA:7209,0
DA:7211,0
DA:7214,0
DA:7215,0
DA:7216,0
DA:7218,0
DA:7219,0
DA:7220,0
DA:7221,0
DA:7222,0
DA:7224,0
DA:7225,0
DA:7226,0
DA:7227,0
DA:7228,0
DA:7229,0
DA:7230,0
DA:7232,0
DA:7233,0
DA:7235,0
DA:7236,0
DA:7238,0
DA:7239,0
DA:7241,0
DA:7244,0
DA:7246,0
DA:7247,0
DA:7249,0
DA:7250,0
DA:7251,0
DA:7253,0
DA:7254,0
DA:7255,0
DA:7256,0
DA:7257,0
DA:7258,0
DA:7261,0
DA:7267,0
DA:7268,0
DA:7270,0
DA:7271,0
DA:7273,0
DA:7274,0
DA:7276,0
DA:7278,0
DA:7279,0
DA:7280,0
DA:7281,0
DA:7283,0
DA:7285,0
DA:7287,0
DA:7288,0
DA:7290,0
DA:7292,0
DA:7293,0
DA:7294,0
DA:7299,0
DA:7307,0
DA:7308,0
DA:7309,0
DA:7310,0
DA:7311,0
DA:7312,0
DA:7313,0
DA:7314,0
DA:7315,0
DA:7316,0
DA:7318,0
DA:7319,0
DA:7320,0
DA:7324,0
DA:7325,0
DA:7327,0
DA:7330,0
DA:7332,0
DA:7334,0
DA:7335,0
DA:7336,0
DA:7338,0
DA:7339,0
DA:7340,0
DA:7344,0
DA:7345,0
DA:7346,0
DA:7348,0
DA:7350,0
DA:7351,0
DA:7352,0
DA:7353,0
DA:7354,0
DA:7356,0
DA:7358,0
DA:7359,0
DA:7360,0
DA:7361,0
DA:7363,0
DA:7365,0
DA:7366,0
DA:7368,0
DA:7370,0
DA:7371,0
DA:7372,0
DA:7373,0
DA:7374,0
DA:7375,0
DA:7377,0
DA:7378,0
DA:7380,0
DA:7382,0
DA:7384,0
DA:7385,0
DA:7388,0
DA:7392,0
DA:7395,0
DA:7398,0
DA:7401,0
DA:7402,0
DA:7404,0
DA:7406,0
DA:7407,0
DA:7408,0
DA:7409,0
DA:7410,0
DA:7413,0
DA:7416,0
DA:7419,0
DA:7421,0
DA:7422,0
DA:7424,0
DA:7425,0
DA:7427,0
DA:7428,0
DA:7429,0
DA:7430,0
DA:7432,0
DA:7434,0
DA:7435,0
DA:7436,0
DA:7437,0
DA:7438,0
DA:7439,0
DA:7440,0
DA:7441,0
DA:7442,0
DA:7443,0
DA:7444,0
DA:7445,0
DA:7446,0
DA:7447,0
DA:7448,0
DA:7450,0
DA:7451,0
DA:7453,0
DA:7458,0
DA:7460,0
DA:7462,0
DA:7466,0
DA:7467,0
DA:7468,0
DA:7469,0
DA:7470,0
DA:7471,0
DA:7473,0
DA:7474,0
DA:7475,0
DA:7476,0
DA:7477,0
DA:7478,0
DA:7479,0
DA:7481,0
DA:7483,0
DA:7485,0
DA:7486,0
DA:7490,0
DA:7491,0
DA:7494,0
DA:7496,0
DA:7497,0
DA:7498,0
DA:7500,0
DA:7502,0
DA:7504,0
DA:7505,0
DA:7507,0
DA:7510,0
DA:7512,0
DA:7513,0
DA:7514,0
DA:7516,0
DA:7517,0
DA:7519,0
DA:7522,0
DA:7525,0
DA:7527,0
DA:7528,0
DA:7530,0
DA:7531,0
DA:7532,0
DA:7536,0
DA:7537,0
DA:7540,0
DA:7541,0
DA:7542,0
DA:7545,0
DA:7546,0
DA:7548,0
DA:7549,0
DA:7551,0
DA:7557,0
DA:7559,0
DA:7560,0
DA:7561,0
DA:7564,0
DA:7565,0
DA:7566,0
DA:7567,0
DA:7569,0
DA:7570,0
DA:7571,0
DA:7572,0
DA:7574,0
DA:7575,0
DA:7576,0
DA:7577,0
DA:7580,0
DA:7582,0
DA:7590,0
DA:7593,0
DA:7594,0
DA:7595,0
DA:7596,0
DA:7597,0
DA:7600,0
DA:7602,0
DA:7603,0
DA:7604,0
DA:7606,0
DA:7607,0
DA:7609,0
DA:7613,0
DA:7615,0
DA:7616,0
DA:7618,0
DA:7620,0
DA:7622,0
DA:7623,0
DA:7626,0
DA:7628,0
DA:7630,0
DA:7633,0
DA:7634,0
DA:7637,0
DA:7639,0
DA:7643,0
DA:7644,0
DA:7645,0
DA:7648,0
DA:7649,0
DA:7650,0
DA:7652,0
DA:7653,0
DA:7654,0
DA:7655,0
DA:7659,0
DA:7661,0
DA:7662,0
DA:7663,0
DA:7664,0
DA:7665,0
DA:7666,0
DA:7667,0
DA:7668,0
DA:7669,0
DA:7670,0
DA:7673,0
DA:7676,0
DA:7680,0
DA:7691,0
DA:7692,0
DA:7693,0
DA:7698,0
DA:7699,0
DA:7700,0
DA:7701,0
DA:7702,0
DA:7705,0
DA:7706,0
DA:7710,0
DA:7711,0
DA:7712,0
DA:7713,0
DA:7714,0
DA:7715,0
DA:7716,0
DA:7717,0
DA:7718,0
DA:7719,0
DA:7720,0
DA:7722,0
DA:7723,0
DA:7725,0
DA:7726,0
DA:7727,0
DA:7728,0
DA:7730,0
DA:7731,0
DA:7734,0
DA:7735,0
DA:7736,0
DA:7740,0
DA:7743,0
DA:7745,0
DA:7748,0
DA:7749,0
DA:7750,0
DA:7753,0
DA:7757,0
DA:7759,0
DA:7761,0
DA:7762,0
DA:7763,0
DA:7764,0
DA:7769,0
DA:7770,0
DA:7771,0
DA:7772,0
DA:7773,0
DA:7774,0
DA:7775,0
DA:7776,0
DA:7777,0
DA:7779,0
DA:7780,0
DA:7781,0
DA:7783,0
DA:7784,0
DA:7785,0
DA:7787,0
DA:7789,0
DA:7790,0
DA:7792,0
DA:7793,0
DA:7797,0
DA:7800,0
DA:7801,0
DA:7803,0
DA:7804,0
DA:7807,0
DA:7808,0
DA:7809,0
DA:7811,0
DA:7812,0
DA:7813,0
DA:7815,0
DA:7816,0
DA:7821,0
DA:7823,0
DA:7824,0
DA:7825,0
DA:7827,0
DA:7828,0
DA:7832,0
DA:7833,0
DA:7834,0
DA:7836,0
DA:7837,0
DA:7840,0
DA:7843,0
DA:7847,0
DA:7849,0
DA:7851,0
DA:7852,0
DA:7857,0
DA:7858,0
DA:7859,0
DA:7860,0
DA:7861,0
DA:7864,0
DA:7866,0
DA:7867,0
DA:7869,0
DA:7870,0
DA:7872,0
DA:7873,0
DA:7875,0
DA:7876,0
DA:7877,0
DA:7878,0
DA:7879,0
DA:7881,0
DA:7882,0
DA:7884,0
DA:7885,0
DA:7886,0
DA:7887,0
DA:7892,0
DA:7897,0
DA:7898,0
DA:7899,0
DA:7900,0
DA:7901,0
DA:7902,0
DA:7903,0
DA:7904,0
DA:7905,0
DA:7910,0
DA:7913,0
DA:7915,0
DA:7916,0
DA:7918,0
DA:7920,0
DA:7921,0
DA:7923,0
DA:7924,0
DA:7925,0
DA:7927,0
DA:7928,0
DA:7930,0
DA:7931,0
DA:7932,0
DA:7934,0
DA:7935,0
DA:7937,0
DA:7939,0
DA:7940,0
DA:7942,0
DA:7943,0
DA:7948,0
DA:7950,0
DA:7953,0
DA:7955,0
DA:7956,0
DA:7959,0
DA:7961,0
DA:7962,0
DA:7963,0
DA:7965,0
DA:7966,0
DA:7968,0
DA:7970,0
DA:7971,0
DA:7974,0
DA:7980,0
DA:7981,0
DA:7983,0
DA:7984,0
DA:7985,0
DA:7986,0
DA:7987,0
DA:7988,0
DA:7990,0
DA:7992,0
DA:7993,0
DA:7995,0
DA:7997,0
DA:7998,0
DA:8000,0
DA:8002,0
DA:8004,0
DA:8022,0
DA:8025,0
DA:8026,0
DA:8027,0
DA:8029,0
DA:8030,0
DA:8032,0
DA:8036,0
DA:8041,0
DA:8042,0
DA:8044,0
DA:8045,0
DA:8046,0
DA:8048,0
DA:8049,0
DA:8051,0
DA:8052,0
DA:8053,0
DA:8054,0
DA:8056,0
DA:8058,0
DA:8059,0
DA:8060,0
DA:8062,0
DA:8065,0
DA:8067,0
DA:8070,0
DA:8074,0
DA:8075,0
DA:8077,0
DA:8078,0
DA:8080,0
DA:8081,0
DA:8083,0
DA:8085,0
DA:8087,0
DA:8089,0
DA:8091,0
DA:8093,0
DA:8094,0
DA:8097,0
DA:8100,0
DA:8105,0
DA:8108,0
DA:8109,0
DA:8110,0
DA:8112,0
DA:8113,0
DA:8116,0
DA:8118,0
DA:8119,0
DA:8121,0
DA:8122,0
DA:8124,0
DA:8125,0
DA:8127,0
DA:8129,0
DA:8130,0
DA:8132,0
DA:8136,0
DA:8139,0
DA:8140,0
DA:8144,0
DA:8145,0
DA:8149,0
DA:8150,0
DA:8154,0
DA:8155,0
DA:8159,0
DA:8160,0
DA:8164,0
DA:8165,0
DA:8169,0
DA:8170,0
DA:8174,0
DA:8175,0
DA:8180,0
DA:8181,0
DA:8183,0
DA:8187,0
DA:8189,0
DA:8191,0
DA:8192,0
DA:8193,0
DA:8194,0
DA:8195,0
DA:8198,0
DA:8202,0
DA:8203,0
DA:8204,0
DA:8205,0
DA:8206,0
DA:8210,0
DA:8213,0
DA:8214,0
DA:8218,0
DA:8221,0
DA:8222,0
end_of_record
SF:/usr/lib/gcc/x86_64-linux-gnu/11/include/emmintrin.h
DA:592,25200
DA:598,25200
DA:604,4723992
DA:611,18908568
DA:612,18908568
DA:621,0
DA:624,0
DA:644,4723992
DA:650,25200
DA:656,0
DA:657,0
DA:679,21257964
DA:697,18895968
DA:709,37800
DA:739,12600
DA:740,12600
DA:745,18895968
DA:746,11809980
DA:796,18908568
DA:994,37791936
DA:1000,9460584
DA:1006,14171976
DA:1012,56700504
DA:1030,14197176
DA:1036,56700504
DA:1060,14222376
DA:1066,132271776
DA:1108,4761792
DA:1114,56687904
DA:1150,75583872
DA:1156,0
DA:1180,25200
DA:1198,0
DA:1204,94479840
DA:1245,25200
DA:1329,0
end_of_record
SF:/usr/include/c++/11/cmath
FN:319,_ZSt5ldexpfi
FNDA:0,_ZSt5ldexpfi
FN:388,_ZSt3powff
FNDA:0,_ZSt3powff
DA:319,0
DA:320,0
DA:388,0
DA:389,0
end_of_record
TN:
SF:/usr/include/c++/11/bits/stl_algobase.h
FN:230,_ZSt3minImERKT_S2_S2_
FNDA:5252,_ZSt3minImERKT_S2_S2_
FN:254,_ZSt3maxImERKT_S2_S2_
FNDA:2624,_ZSt3maxImERKT_S2_S2_
FN:313,_ZSt12__niter_baseIPN3glm3vecILi3EfLNS0_9qualifierE0EEEET_S5_
FNDA:2,_ZSt12__niter_baseIPN3glm3vecILi3EfLNS0_9qualifierE0EEEET_S5_
FN:313,_ZSt12__niter_baseIP4MeshET_S2_
FNDA:276,_ZSt12__niter_baseIP4MeshET_S2_
FN:313,_ZSt12__niter_baseIP7TextureET_S2_
FNDA:852,_ZSt12__niter_baseIP7TextureET_S2_
FN:313,_ZSt12__niter_baseIPKN3glm3vecILi3EfLNS0_9qualifierE0EEEET_S6_
FNDA:4,_ZSt12__niter_baseIPKN3glm3vecILi3EfLNS0_9qualifierE0EEEET_S6_
FN:313,_ZSt12__niter_baseIPjET_S1_
FNDA:7236,_ZSt12__niter_baseIPjET_S1_
FN:313,_ZSt12__niter_baseIP6VertexET_S2_
FNDA:7152,_ZSt12__niter_baseIP6VertexET_S2_
FN:328,_ZSt12__niter_wrapIN9__gnu_cxx17__normal_iteratorIPjSt6vectorIjSaIjEEEES2_ET_S7_T0_
FNDA:0,_ZSt12__niter_wrapIN9__gnu_cxx17__normal_iteratorIPjSt6vectorIjSaIjEEEES2_ET_S7_T0_
FN:328,_ZSt12__niter_wrapIN9__gnu_cxx17__normal_iteratorIP7TextureSt6vectorIS2_SaIS2_EEEES3_ET_S8_T0_
FNDA:0,_ZSt12__niter_wrapIN9__gnu_cxx17__normal_iteratorIP7TextureSt6vectorIS2_SaIS2_EEEES3_ET_S8_T0_
FN:328,_ZSt12__niter_wrapIN9__gnu_cxx17__normal_iteratorIP6VertexSt6vectorIS2_SaIS2_EEEES3_ET_S8_T0_
FNDA:0,_ZSt12__niter_wrapIN9__gnu_cxx17__normal_iteratorIP6VertexSt6vectorIS2_SaIS2_EEEES3_ET_S8_T0_
FN:335,_ZSt12__niter_wrapIPN3glm3vecILi3EfLNS0_9qualifierE0EEEET_RKS5_S5_
FNDA:2,_ZSt12__niter_wrapIPN3glm3vecILi3EfLNS0_9qualifierE0EEEET_RKS5_S5_
FN:335,_ZSt12__niter_wrapIPjET_RKS1_S1_
FNDA:216,_ZSt12__niter_wrapIPjET_RKS1_S1_
FN:335,_ZSt12__niter_wrapIP6VertexET_RKS2_S2_
FNDA:216,_ZSt12__niter_wrapIP6VertexET_RKS2_S2_
FN:335,_ZSt12__niter_wrapIP7TextureET_RKS2_S2_
FNDA:0,_ZSt12__niter_wrapIP7TextureET_RKS2_S2_
FN:380,_ZNSt11__copy_moveILb0ELb0ESt26random_access_iterator_tagE8__copy_mIP7TextureS4_EET0_T_S6_S5_
FNDA:0,_ZNSt11__copy_moveILb0ELb0ESt26random_access_iterator_tagE8__copy_mIP7TextureS4_EET0_T_S6_S5_
FN:380,_ZNSt11__copy_moveILb0ELb0ESt26random_access_iterator_tagE8__copy_mIPK7TexturePS3_EET0_T_S8_S7_
FNDA:0,_ZNSt11__copy_moveILb0ELb0ESt26random_access_iterator_tagE8__copy_mIPK7TexturePS3_EET0_T_S8_S7_
FN:420,_ZNSt11__copy_moveILb0ELb1ESt26random_access_iterator_tagE8__copy_mI6VertexEEPT_PKS4_S7_S5_
FNDA:216,_ZNSt11__copy_moveILb0ELb1ESt26random_access_iterator_tagE8__copy_mI6VertexEEPT_PKS4_S7_S5_
FN:420,_ZNSt11__copy_moveILb1ELb1ESt26random_access_iterator_tagE8__copy_mIjEEPT_PKS3_S6_S4_
FNDA:0,_ZNSt11__copy_moveILb1ELb1ESt26random_access_iterator_tagE8__copy_mIjEEPT_PKS3_S6_S4_
FN:420,_ZNSt11__copy_moveILb0ELb1ESt26random_access_iterator_tagE8__copy_mIjEEPT_PKS3_S6_S4_
FNDA:216,_ZNSt11__copy_moveILb0ELb1ESt26random_access_iterator_tagE8__copy_mIjEEPT_PKS3_S6_S4_
FN:420,_ZNSt11__copy_moveILb0ELb1ESt26random_access_iterator_tagE8__copy_mIN3glm3vecILi3EfLNS3_9qualifierE0EEEEEPT_PKS7_SA_S8_
FNDA:2,_ZNSt11__copy_moveILb0ELb1ESt26random_access_iterator_tagE8__copy_mIN3glm3vecILi3EfLNS3_9qualifierE0EEEEEPT_PKS7_SA_S8_
FN:420,_ZNSt11__copy_moveILb1ELb1ESt26random_access_iterator_tagE8__copy_mI6VertexEEPT_PKS4_S7_S5_
FNDA:0,_ZNSt11__copy_moveILb1ELb1ESt26random_access_iterator_tagE8__copy_mI6VertexEEPT_PKS4_S7_S5_
FN:486,_ZSt14__copy_move_a2ILb0EPjS0_ET1_T0_S2_S1_
FNDA:0,_ZSt14__copy_move_a2ILb0EPjS0_ET1_T0_S2_S1_
FN:486,_ZSt14__copy_move_a2ILb0EPKjPjET1_T0_S4_S3_
FNDA:216,_ZSt14__copy_move_a2ILb0EPKjPjET1_T0_S4_S3_
FN:486,_ZSt14__copy_move_a2ILb0EP7TextureS1_ET1_T0_S3_S2_
FNDA:0,_ZSt14__copy_move_a2ILb0EP7TextureS1_ET1_T0_S3_S2_
FN:486,_ZSt14__copy_move_a2ILb0EP6VertexS1_ET1_T0_S3_S2_
FNDA:0,_ZSt14__copy_move_a2ILb0EP6VertexS1_ET1_T0_S3_S2_
FN:486,_ZSt14__copy_move_a2ILb0EPK6VertexPS0_ET1_T0_S5_S4_
FNDA:216,_ZSt14__copy_move_a2ILb0EPK6VertexPS0_ET1_T0_S5_S4_
FN:486,_ZSt14__copy_move_a2ILb0EPK7TexturePS0_ET1_T0_S5_S4_
FNDA:0,_ZSt14__copy_move_a2ILb0EPK7TexturePS0_ET1_T0_S5_S4_
FN:486,_ZSt14__copy_move_a2ILb1EPjS0_ET1_T0_S2_S1_
FNDA:0,_ZSt14__copy_move_a2ILb1EPjS0_ET1_T0_S2_S1_
FN:486,_ZSt14__copy_move_a2ILb1EP6VertexS1_ET1_T0_S3_S2_
FNDA:0,_ZSt14__copy_move_a2ILb1EP6VertexS1_ET1_T0_S3_S2_
FN:486,_ZSt14__copy_move_a2ILb0EPKN3glm3vecILi3EfLNS0_9qualifierE0EEEPS3_ET1_T0_S8_S7_
FNDA:2,_ZSt14__copy_move_a2ILb0EPKN3glm3vecILi3EfLNS0_9qualifierE0EEEPS3_ET1_T0_S8_S7_
FN:521,_ZSt14__copy_move_a1ILb0EPK6VertexPS0_ET1_T0_S5_S4_
FNDA:216,_ZSt14__copy_move_a1ILb0EPK6VertexPS0_ET1_T0_S5_S4_
FN:521,_ZSt14__copy_move_a1ILb0EP6VertexS1_ET1_T0_S3_S2_
FNDA:0,_ZSt14__copy_move_a1ILb0EP6VertexS1_ET1_T0_S3_S2_
FN:521,_ZSt14__copy_move_a1ILb0EPKjPjET1_T0_S4_S3_
FNDA:216,_ZSt14__copy_move_a1ILb0EPKjPjET1_T0_S4_S3_
FN:521,_ZSt14__copy_move_a1ILb1EPjS0_ET1_T0_S2_S1_
FNDA:0,_ZSt14__copy_move_a1ILb1EPjS0_ET1_T0_S2_S1_
FN:521,_ZSt14__copy_move_a1ILb1EP6VertexS1_ET1_T0_S3_S2_
FNDA:0,_ZSt14__copy_move_a1ILb1EP6VertexS1_ET1_T0_S3_S2_
FN:521,_ZSt14__copy_move_a1ILb0EPjS0_ET1_T0_S2_S1_
FNDA:0,_ZSt14__copy_move_a1ILb0EPjS0_ET1_T0_S2_S1_
FN:521,_ZSt14__copy_move_a1ILb0EPKN3glm3vecILi3EfLNS0_9qualifierE0EEEPS3_ET1_T0_S8_S7_
FNDA:2,_ZSt14__copy_move_a1ILb0EPKN3glm3vecILi3EfLNS0_9qualifierE0EEEPS3_ET1_T0_S8_S7_
FN:521,_ZSt14__copy_move_a1ILb0EPK7TexturePS0_ET1_T0_S5_S4_
FNDA:0,_ZSt14__copy_move_a1ILb0EPK7TexturePS0_ET1_T0_S5_S4_
FN:521,_ZSt14__copy_move_a1ILb0EP7TextureS1_ET1_T0_S3_S2_
FNDA:0,_ZSt14__copy_move_a1ILb0EP7TextureS1_ET1_T0_S3_S2_
FN:527,_ZSt13__copy_move_aILb0EP7TextureS1_ET1_T0_S3_S2_
FNDA:0,_ZSt13__copy_move_aILb0EP7TextureS1_ET1_T0_S3_S2_
FN:527,_ZSt13__copy_move_aILb0EN9__gnu_cxx17__normal_iteratorIPK7TextureSt6vectorIS2_SaIS2_EEEENS1_IPS2_S7_EEET1_T0_SC_SB_
FNDA:0,_ZSt13__copy_move_aILb0EN9__gnu_cxx17__normal_iteratorIPK7TextureSt6vectorIS2_SaIS2_EEEENS1_IPS2_S7_EEET1_T0_SC_SB_
FN:527,_ZSt13__copy_move_aILb1EPjS0_ET1_T0_S2_S1_
FNDA:0,_ZSt13__copy_move_aILb1EPjS0_ET1_T0_S2_S1_
FN:527,_ZSt13__copy_move_aILb1EP6VertexS1_ET1_T0_S3_S2_
FNDA:0,_ZSt13__copy_move_aILb1EP6VertexS1_ET1_T0_S3_S2_
FN:527,_ZSt13__copy_move_aILb0EPKN3glm3vecILi3EfLNS0_9qualifierE0EEEPS3_ET1_T0_S8_S7_
FNDA:2,_ZSt13__copy_move_aILb0EPKN3glm3vecILi3EfLNS0_9qualifierE0EEEPS3_ET1_T0_S8_S7_
FN:527,_ZSt13__copy_move_aILb0EPjS0_ET1_T0_S2_S1_
FNDA:0,_ZSt13__copy_move_aILb0EPjS0_ET1_T0_S2_S1_
FN:527,_ZSt13__copy_move_aILb0EN9__gnu_cxx17__normal_iteratorIPKjSt6vectorIjSaIjEEEENS1_IPjS6_EEET1_T0_SB_SA_
FNDA:0,_ZSt13__copy_move_aILb0EN9__gnu_cxx17__normal_iteratorIPKjSt6vectorIjSaIjEEEENS1_IPjS6_EEET1_T0_SB_SA_
FN:527,_ZSt13__copy_move_aILb0EP6VertexS1_ET1_T0_S3_S2_
FNDA:0,_ZSt13__copy_move_aILb0EP6VertexS1_ET1_T0_S3_S2_
FN:527,_ZSt13__copy_move_aILb0EN9__gnu_cxx17__normal_iteratorIPK6VertexSt6vectorIS2_SaIS2_EEEENS1_IPS2_S7_EEET1_T0_SC_SB_
FNDA:0,_ZSt13__copy_move_aILb0EN9__gnu_cxx17__normal_iteratorIPK6VertexSt6vectorIS2_SaIS2_EEEENS1_IPS2_S7_EEET1_T0_SC_SB_
FN:527,_ZSt13__copy_move_aILb0EN9__gnu_cxx17__normal_iteratorIPKjSt6vectorIjSaIjEEEEPjET1_T0_SA_S9_
FNDA:216,_ZSt13__copy_move_aILb0EN9__gnu_cxx17__normal_iteratorIPKjSt6vectorIjSaIjEEEEPjET1_T0_SA_S9_
FN:527,_ZSt13__copy_move_aILb0EN9__gnu_cxx17__normal_iteratorIPK6VertexSt6vectorIS2_SaIS2_EEEEPS2_ET1_T0_SB_SA_
FNDA:216,_ZSt13__copy_move_aILb0EN9__gnu_cxx17__normal_iteratorIPK6VertexSt6vectorIS2_SaIS2_EEEEPS2_ET1_T0_SB_SA_
FN:527,_ZSt13__copy_move_aILb0EN9__gnu_cxx17__normal_iteratorIP7TextureSt6vectorIS2_SaIS2_EEEES7_ET1_T0_S9_S8_
FNDA:0,_ZSt13__copy_move_aILb0EN9__gnu_cxx17__normal_iteratorIP7TextureSt6vectorIS2_SaIS2_EEEES7_ET1_T0_S9_S8_
FN:611,_ZSt4copyIP7TextureS1_ET0_T_S3_S2_
FNDA:0,_ZSt4copyIP7TextureS1_ET0_T_S3_S2_
FN:611,_ZSt4copyIN9__gnu_cxx17__normal_iteratorIPK7TextureSt6vectorIS2_SaIS2_EEEENS1_IPS2_S7_EEET0_T_SC_SB_
FNDA:0,_ZSt4copyIN9__gnu_cxx17__normal_iteratorIPK7TextureSt6vectorIS2_SaIS2_EEEENS1_IPS2_S7_EEET0_T_SC_SB_
FN:611,_ZSt4copyIPjS0_ET0_T_S2_S1_
FNDA:0,_ZSt4copyIPjS0_ET0_T_S2_S1_
FN:611,_ZSt4copyIN9__gnu_cxx17__normal_iteratorIPKjSt6vectorIjSaIjEEEENS1_IPjS6_EEET0_T_SB_SA_
FNDA:0,_ZSt4copyIN9__gnu_cxx17__normal_iteratorIPKjSt6vectorIjSaIjEEEENS1_IPjS6_EEET0_T_SB_SA_
FN:611,_ZSt4copyIP6VertexS1_ET0_T_S3_S2_
FNDA:0,_ZSt4copyIP6VertexS1_ET0_T_S3_S2_
FN:611,_ZSt4copyIN9__gnu_cxx17__normal_iteratorIPK6VertexSt6vectorIS2_SaIS2_EEEENS1_IPS2_S7_EEET0_T_SC_SB_
FNDA:0,_ZSt4copyIN9__gnu_cxx17__normal_iteratorIPK6VertexSt6vectorIS2_SaIS2_EEEENS1_IPS2_S7_EEET0_T_SC_SB_
FN:611,_ZSt4copyIN9__gnu_cxx17__normal_iteratorIP7TextureSt6vectorIS2_SaIS2_EEEES7_ET0_T_S9_S8_
FNDA:0,_ZSt4copyIN9__gnu_cxx17__normal_iteratorIP7TextureSt6vectorIS2_SaIS2_EEEES7_ET0_T_S9_S8_
FN:611,_ZSt4copyISt13move_iteratorIPjES1_ET0_T_S4_S3_
FNDA:0,_ZSt4copyISt13move_iteratorIPjES1_ET0_T_S4_S3_
FN:611,_ZSt4copyISt13move_iteratorIP6VertexES2_ET0_T_S5_S4_
FNDA:0,_ZSt4copyISt13move_iteratorIP6VertexES2_ET0_T_S5_S4_
FN:611,_ZSt4copyIPKN3glm3vecILi3EfLNS0_9qualifierE0EEEPS3_ET0_T_S8_S7_
FNDA:2,_ZSt4copyIPKN3glm3vecILi3EfLNS0_9qualifierE0EEEPS3_ET0_T_S8_S7_
FN:611,_ZSt4copyIN9__gnu_cxx17__normal_iteratorIPK6VertexSt6vectorIS2_SaIS2_EEEEPS2_ET0_T_SB_SA_
FNDA:216,_ZSt4copyIN9__gnu_cxx17__normal_iteratorIPK6VertexSt6vectorIS2_SaIS2_EEEEPS2_ET0_T_SB_SA_
FN:611,_ZSt4copyIN9__gnu_cxx17__normal_iteratorIPKjSt6vectorIjSaIjEEEEPjET0_T_SA_S9_
FNDA:216,_ZSt4copyIN9__gnu_cxx17__normal_iteratorIPKjSt6vectorIjSaIjEEEEPjET0_T_SA_S9_
FN:714,_ZNSt20__copy_move_backwardILb1ELb0ESt26random_access_iterator_tagE13__copy_move_bIP7TextureS4_EET0_T_S6_S5_
FNDA:0,_ZNSt20__copy_move_backwardILb1ELb0ESt26random_access_iterator_tagE13__copy_move_bIP7TextureS4_EET0_T_S6_S5_
FN:750,_ZSt23__copy_move_backward_a2ILb1EP7TextureS1_ET1_T0_S3_S2_
FNDA:0,_ZSt23__copy_move_backward_a2ILb1EP7TextureS1_ET1_T0_S3_S2_
FN:768,_ZSt23__copy_move_backward_a1ILb1EP7TextureS1_ET1_T0_S3_S2_
FNDA:0,_ZSt23__copy_move_backward_a1ILb1EP7TextureS1_ET1_T0_S3_S2_
FN:796,_ZSt22__copy_move_backward_aILb1EP7TextureS1_ET1_T0_S3_S2_
FNDA:0,_ZSt22__copy_move_backward_aILb1EP7TextureS1_ET1_T0_S3_S2_
FN:884,_ZSt13move_backwardIP7TextureS1_ET0_T_S3_S2_
FNDA:0,_ZSt13move_backwardIP7TextureS1_ET0_T_S3_S2_
DA:230,5252
DA:235,5252
DA:236,0
DA:237,5252
DA:254,2624
DA:259,2624
DA:260,462
DA:261,2162
DA:313,2
DA:315,2
DA:313,4
DA:315,4
DA:313,276
DA:315,276
DA:313,852
DA:315,852
DA:313,7236
DA:315,7236
DA:313,7152
DA:315,7152
DA:328,0
DA:329,0
DA:328,0
DA:329,0
DA:328,0
DA:329,0
DA:335,2
DA:336,2
DA:335,0
DA:336,0
DA:335,216
DA:336,216
DA:335,216
DA:336,216
DA:380,0
DA:383,0
DA:385,0
DA:386,0
DA:387,0
DA:389,0
DA:380,0
DA:383,0
DA:385,0
DA:386,0
DA:387,0
DA:389,0
DA:420,0
DA:429,0
DA:430,0
DA:431,0
DA:432,0
DA:420,0
DA:429,0
DA:430,0
DA:431,0
DA:432,0
DA:420,2
DA:429,2
DA:430,2
DA:431,2
DA:432,2
DA:420,216
DA:429,216
DA:430,216
DA:431,216
DA:432,216
DA:420,216
DA:429,216
DA:430,216
DA:431,216
DA:432,216
DA:486,0
DA:495,0
DA:486,0
DA:495,0
DA:486,2
DA:495,2
DA:486,0
DA:495,0
DA:486,0
DA:495,0
DA:486,0
DA:495,0
DA:486,216
DA:495,216
DA:486,0
DA:495,0
DA:486,216
DA:495,216
DA:521,0
DA:522,0
DA:521,0
DA:522,0
DA:521,2
DA:522,2
DA:521,0
DA:522,0
DA:521,0
DA:522,0
DA:521,0
DA:522,0
DA:521,216
DA:522,216
DA:521,0
DA:522,0
DA:521,216
DA:522,216
DA:527,0
DA:529,0
DA:532,0
DA:527,0
DA:529,0
DA:532,0
DA:527,2
DA:529,2
DA:532,2
DA:527,216
DA:529,216
DA:532,216
DA:527,216
DA:529,216
DA:532,216
DA:527,0
DA:529,0
DA:532,0
DA:527,0
DA:529,0
DA:532,0
DA:527,0
DA:529,0
DA:532,0
DA:527,0
DA:529,0
DA:532,0
DA:527,0
DA:529,0
DA:532,0
DA:527,0
DA:529,0
DA:532,0
DA:527,0
DA:529,0
DA:532,0
DA:611,0
DA:620,0
DA:611,0
DA:620,0
DA:611,2
DA:620,2
DA:611,216
DA:620,216
DA:611,216
DA:620,216
DA:611,0
DA:620,0
DA:611,0
DA:620,0
DA:611,0
DA:620,0
DA:611,0
DA:620,0
DA:611,0
DA:620,0
DA:611,0
DA:620,0
DA:611,0
DA:620,0
DA:714,0
DA:717,0
DA:718,0
DA:719,0
DA:720,0
DA:750,0
DA:760,0
DA:762,0
DA:768,0
DA:769,0
DA:796,0
DA:798,0
DA:801,0
DA:884,0
DA:894,0
DA:896,0
end_of_record
SF:/usr/include/glm/detail/type_vec2.inl
FN:37,_ZN3glm3vecILi2EfLNS_9qualifierE0EEC2Eff
FNDA:0,_ZN3glm3vecILi2EfLNS_9qualifierE0EEC2Eff
DA:37,0
DA:38,0
DA:39,0
end_of_record
SF:/home/maki/Desktop/RG-projekat/src/main.cpp
FN:103,_ZN12ProgramStateC2Ev
FNDA:2,_ZN12ProgramStateC2Ev
FN:110,_ZNK12ProgramState10SaveToFileENSt7__cxx1112basic_stringIcSt11char_traitsIcESaIcEEE
FNDA:2,_ZNK12ProgramState10SaveToFileENSt7__cxx1112basic_stringIcSt11char_traitsIcESaIcEEE
FN:125,_ZN12ProgramState12LoadFromFileENSt7__cxx1112basic_stringIcSt11char_traitsIcESaIcEEE
FNDA:0,_ZN12ProgramState12LoadFromFileENSt7__cxx1112basic_stringIcSt11char_traitsIcESaIcEEE
FN:140,main
FNDA:2,main
FN:553,_Z12processInputP10GLFWwindow
FNDA:3367,_Z12processInputP10GLFWwindow
FN:570,_Z25framebuffer_size_callbackP10GLFWwindowii
FNDA:0,_Z25framebuffer_size_callbackP10GLFWwindowii
FN:579,_Z14mouse_callbackP10GLFWwindowdd
FNDA:1458,_Z14mouse_callbackP10GLFWwindowdd
FN:600,_Z15scroll_callbackP10GLFWwindowdd
FNDA:0,_Z15scroll_callbackP10GLFWwindowdd
FN:605,_Z9DrawImGuiP12ProgramState
FNDA:0,_Z9DrawImGuiP12ProgramState
FN:662,_Z12key_callbackP10GLFWwindowiiii
FNDA:5,_Z12key_callbackP10GLFWwindowiiii
FN:689,_Z11loadCubemapSt6vectorINSt7__cxx1112basic_stringIcSt11char_traitsIcESaIcEEESaIS5_EE
FNDA:2,_Z11loadCubemapSt6vectorINSt7__cxx1112basic_stringIcSt11char_traitsIcESaIcEEESaIS5_EE
FN:721,_Z11loadTexturePKc
FNDA:2,_Z11loadTexturePKc
DA:103,2
DA:110,2
DA:112,2
DA:113,2
DA:114,2
DA:115,2
DA:116,2
DA:117,2
DA:118,2
DA:119,2
DA:120,2
DA:121,2
DA:122,2
DA:123,2
DA:125,0
DA:127,0
DA:128,0
DA:130,0
DA:131,0
DA:132,0
DA:134,0
DA:140,2
DA:144,2
DA:145,2
DA:146,2
DA:147,2
DA:155,2
DA:156,2
DA:158,0
DA:159,0
DA:160,0
DA:162,2
DA:163,2
DA:164,2
DA:165,2
DA:166,2
DA:168,2
DA:172,2
DA:174,0
DA:175,0
DA:179,2
DA:181,2
DA:182,2
DA:184,0
DA:187,2
DA:188,2
DA:189,2
DA:192,2
DA:193,2
DA:197,2
DA:200,2
DA:201,2
DA:204,2
DA:205,2
DA:206,2
DA:210,2
DA:211,2
DA:212,2
DA:215,4
DA:216,2
DA:218,2
DA:220,4
DA:221,2
DA:223,2
DA:224,4
DA:225,2
DA:227,4
DA:228,2
DA:230,4
DA:231,2
DA:238,4
DA:239,2
DA:241,4
DA:242,2
DA:244,2
DA:245,2
DA:246,2
DA:247,2
DA:248,2
DA:250,2
DA:251,2
DA:252,2
DA:254,2
DA:263,2
DA:264,2
DA:265,2
DA:266,2
DA:267,2
DA:268,2
DA:269,2
DA:270,2
DA:271,2
DA:272,2
DA:275,2
DA:280,2
DA:282,2
DA:283,2
DA:286,2
DA:307,2
DA:308,2
DA:309,2
DA:310,2
DA:311,2
DA:312,2
DA:313,2
DA:315,2
DA:323,18
DA:324,2
DA:331,3369
DA:335,3367
DA:336,3367
DA:337,3367
DA:341,3367
DA:345,3367
DA:348,3367
DA:351,3367
DA:352,3367
DA:353,3367
DA:354,3367
DA:355,3367
DA:356,3367
DA:357,3367
DA:358,3367
DA:359,3367
DA:360,3367
DA:361,3367
DA:362,3367
DA:364,3367
DA:367,3367
DA:368,3367
DA:369,3367
DA:372,3367
DA:373,3367
DA:374,3367
DA:375,3367
DA:377,3367
DA:379,3367
DA:381,3367
DA:382,3367
DA:384,3367
DA:385,3367
DA:387,3367
DA:389,3367
DA:390,3367
DA:393,3367
DA:394,3367
DA:396,3367
DA:397,3367
DA:398,0
DA:399,3367
DA:400,0
DA:401,3367
DA:402,0
DA:403,3367
DA:405,3367
DA:407,3367
DA:408,3367
DA:411,3367
DA:412,3367
DA:414,3367
DA:415,3367
DA:416,0
DA:417,3367
DA:418,0
DA:419,3367
DA:420,0
DA:421,3367
DA:423,3367
DA:425,3367
DA:426,3367
DA:429,3367
DA:430,3367
DA:432,3367
DA:433,3367
DA:434,0
DA:435,3367
DA:436,0
DA:437,3367
DA:438,0
DA:439,3367
DA:441,3367
DA:443,3367
DA:444,3367
DA:446,3367
DA:448,3367
DA:449,3367
DA:451,3367
DA:452,3367
DA:454,3367
DA:456,3367
DA:457,3367
DA:458,3367
DA:468,3367
DA:469,3367
DA:471,3367
DA:472,3367
DA:474,3367
DA:476,3367
DA:477,3367
DA:480,3367
DA:481,3367
DA:483,3367
DA:484,3367
DA:486,3367
DA:488,3367
DA:489,3367
DA:491,3367
DA:492,3367
DA:493,3367
DA:494,3367
DA:495,3367
DA:496,20202
DA:498,16835
DA:499,16835
DA:500,16835
DA:501,16835
DA:505,3367
DA:506,3367
DA:508,3367
DA:509,3367
DA:510,3367
DA:511,3367
DA:512,3367
DA:514,3367
DA:515,3367
DA:516,3367
DA:517,3367
DA:518,3367
DA:519,3367
DA:520,3367
DA:522,3367
DA:523,0
DA:527,3367
DA:528,3367
DA:531,2
DA:532,2
DA:533,2
DA:534,2
DA:536,2
DA:537,2
DA:539,2
DA:540,2
DA:541,2
DA:542,2
DA:543,2
DA:546,2
DA:547,2
DA:548,2
DA:553,3367
DA:555,3367
DA:556,2
DA:558,3367
DA:559,0
DA:560,3367
DA:561,0
DA:562,3367
DA:563,0
DA:564,3367
DA:565,0
DA:566,3367
DA:570,0
DA:574,0
DA:575,0
DA:579,1458
DA:581,1458
DA:583,2
DA:584,2
DA:585,2
DA:588,1458
DA:589,1458
DA:591,1458
DA:592,1458
DA:594,1458
DA:595,1458
DA:596,1458
DA:600,0
DA:602,0
DA:603,0
DA:605,0
DA:607,0
DA:608,0
DA:609,0
DA:613,0
DA:614,0
DA:615,0
DA:616,0
DA:617,0
DA:618,0
DA:620,0
DA:621,0
DA:623,0
DA:624,0
DA:626,0
DA:627,0
DA:629,0
DA:630,0
DA:635,0
DA:636,0
DA:638,0
DA:639,0
DA:641,0
DA:642,0
DA:643,0
DA:645,0
DA:649,0
DA:650,0
DA:651,0
DA:652,0
DA:653,0
DA:654,0
DA:655,0
DA:658,0
DA:659,0
DA:660,0
DA:662,5
DA:664,5
DA:666,0
DA:667,0
DA:669,0
DA:670,0
DA:674,0
DA:678,5
DA:680,0
DA:681,0
DA:683,5
DA:685,5
DA:687,5
DA:689,2
DA:692,2
DA:693,2
DA:696,14
DA:698,12
DA:699,12
DA:701,12
DA:704,12
DA:708,0
DA:709,0
DA:712,2
DA:713,2
DA:714,2
DA:715,2
DA:716,2
DA:718,2
DA:721,2
DA:724,2
DA:727,2
DA:728,2
DA:730,2
DA:731,2
DA:732,0
DA:733,2
DA:734,0
DA:735,2
DA:736,2
DA:738,2
DA:739,2
DA:740,2
DA:742,2
DA:748,2
DA:750,2
DA:751,2
DA:753,2
DA:757,0
DA:758,0
DA:761,2
end_of_record
SF:/usr/include/c++/11/ext/type_traits.h
FN:152,_ZN9__gnu_cxx17__is_null_pointerIcEEbPT_
FNDA:0,_ZN9__gnu_cxx17__is_null_pointerIcEEbPT_
FN:152,_ZN9__gnu_cxx17__is_null_pointerIKcEEbPT_
FNDA:0,_ZN9__gnu_cxx17__is_null_pointerIKcEEbPT_
DA:152,0
DA:153,0
DA:152,0
DA:153,0
end_of_record
SF:/usr/include/glm/detail/type_vec4.inl
FN:11,_ZN3glm6detail16compute_vec4_addIfLNS_9qualifierE0ELb0EE4callERKNS_3vecILi4EfLS2_0EEES7_
FNDA:303030,_ZN3glm6detail16compute_vec4_addIfLNS_9qualifierE0ELb0EE4callERKNS_3vecILi4EfLS2_0EEES7_
FN:29,_ZN3glm6detail16compute_vec4_mulIfLNS_9qualifierE0ELb0EE4callERKNS_3vecILi4EfLS2_0EEES7_
FNDA:464646,_ZN3glm6detail16compute_vec4_mulIfLNS_9qualifierE0ELb0EE4callERKNS_3vecILi4EfLS2_0EEES7_
FN:155,_ZN3glm3vecILi4EfLNS_9qualifierE0EEC2Ef
FNDA:464646,_ZN3glm3vecILi4EfLNS_9qualifierE0EEC2Ef
FN:160,_ZN3glm3vecILi4EfLNS_9qualifierE0EEC2Effff
FNDA:767676,_ZN3glm3vecILi4EfLNS_9qualifierE0EEC2Effff
FN:177,_ZN3glm3vecILi4EfLNS_9qualifierE0EEC1IiiifEET_T0_T1_T2_
FNDA:37037,_ZN3glm3vecILi4EfLNS_9qualifierE0EEC1IiiifEET_T0_T1_T2_
FN:177,_ZN3glm3vecILi4EfLNS_9qualifierE0EEC1IiifiEET_T0_T1_T2_
FNDA:37037,_ZN3glm3vecILi4EfLNS_9qualifierE0EEC1IiifiEET_T0_T1_T2_
FN:177,_ZN3glm3vecILi4EfLNS_9qualifierE0EEC1IifiiEET_T0_T1_T2_
FNDA:37037,_ZN3glm3vecILi4EfLNS_9qualifierE0EEC1IifiiEET_T0_T1_T2_
FN:177,_ZN3glm3vecILi4EfLNS_9qualifierE0EEC1IfiiiEET_T0_T1_T2_
FNDA:37037,_ZN3glm3vecILi4EfLNS_9qualifierE0EEC1IfiiiEET_T0_T1_T2_
FN:422,_ZN3glm3vecILi4EfLNS_9qualifierE0EEC2IfiLS1_0EEERKNS0_ILi3ET_XT1_EEET0_
FNDA:20202,_ZN3glm3vecILi4EfLNS_9qualifierE0EEC2IfiLS1_0EEERKNS0_ILi3ET_XT1_EEET0_
FN:477,_ZN3glm3vecILi4EfLNS_9qualifierE0EEixEi
FNDA:643097,_ZN3glm3vecILi4EfLNS_9qualifierE0EEixEi
FN:495,_ZNK3glm3vecILi4EfLNS_9qualifierE0EEixEi
FNDA:60606,_ZNK3glm3vecILi4EfLNS_9qualifierE0EEixEi
FN:553,_ZN3glm3vecILi4EfLNS_9qualifierE0EEpLIfEERS2_RKNS0_ILi4ET_LS1_0EEE
FNDA:303030,_ZN3glm3vecILi4EfLNS_9qualifierE0EEpLIfEERS2_RKNS0_ILi4ET_LS1_0EEE
FN:581,_ZN3glm3vecILi4EfLNS_9qualifierE0EEmLIfEERS2_T_
FNDA:464646,_ZN3glm3vecILi4EfLNS_9qualifierE0EEmLIfEERS2_T_
FN:828,_ZN3glmplIfLNS_9qualifierE0EEENS_3vecILi4ET_XT0_EEERKS4_S6_
FNDA:303030,_ZN3glmplIfLNS_9qualifierE0EEENS_3vecILi4ET_XT0_EEERKS4_S6_
FN:864,_ZN3glmmlIfLNS_9qualifierE0EEENS_3vecILi4ET_XT0_EEERKS4_RKS3_
FNDA:464646,_ZN3glmmlIfLNS_9qualifierE0EEENS_3vecILi4ET_XT0_EEERKS4_RKS3_
DA:11,303030
DA:13,303030
DA:29,464646
DA:31,464646
DA:155,464646
DA:156,464646
DA:157,464646
DA:160,767676
DA:161,767676
DA:162,767676
DA:177,37037
DA:178,37037
DA:179,37037
DA:180,37037
DA:181,37037
DA:182,37037
DA:177,37037
DA:178,37037
DA:179,37037
DA:180,37037
DA:181,37037
DA:182,37037
DA:177,37037
DA:178,37037
DA:179,37037
DA:180,37037
DA:181,37037
DA:182,37037
DA:177,37037
DA:178,37037
DA:179,37037
DA:180,37037
DA:181,37037
DA:182,37037
DA:422,20202
DA:423,20202
DA:424,20202
DA:425,20202
DA:426,20202
DA:427,20202
DA:477,643097
DA:479,643097
DA:480,643097
DA:482,212121
DA:484,212121
DA:485,212121
DA:486,212121
DA:487,215488
DA:488,215488
DA:489,3367
DA:490,3367
DA:495,60606
DA:497,60606
DA:498,60606
DA:500,60606
DA:502,60606
DA:503,0
DA:504,0
DA:505,0
DA:506,0
DA:507,0
DA:508,0
DA:553,303030
DA:555,303030
DA:581,464646
DA:583,464646
DA:828,303030
DA:830,303030
DA:864,464646
DA:866,464646
end_of_record
SF:/usr/include/c++/11/bits/allocator.h
FN:156,_ZNSaIN3glm3vecILi3EfLNS_9qualifierE0EEEEC2Ev
FNDA:2,_ZNSaIN3glm3vecILi3EfLNS_9qualifierE0EEEEC2Ev
FN:156,_ZNSaINSt7__cxx1112basic_stringIcSt11char_traitsIcESaIcEEEEC2Ev
FNDA:2,_ZNSaINSt7__cxx1112basic_stringIcSt11char_traitsIcESaIcEEEEC2Ev
FN:156,_ZNSaI6VertexEC2Ev
FNDA:216,_ZNSaI6VertexEC2Ev
FN:156,_ZNSaIjEC2Ev
FNDA:216,_ZNSaIjEC2Ev
FN:156,_ZNSaI4MeshEC2Ev
FNDA:14,_ZNSaI4MeshEC2Ev
FN:156,_ZNSaI7TextureEC2Ev
FNDA:662,_ZNSaI7TextureEC2Ev
FN:159,_ZNSaINSt7__cxx1112basic_stringIcSt11char_traitsIcESaIcEEEEC2ERKS5_
FNDA:8,_ZNSaINSt7__cxx1112basic_stringIcSt11char_traitsIcESaIcEEEEC2ERKS5_
FN:159,_ZNSaI7TextureEC2ERKS0_
FNDA:470,_ZNSaI7TextureEC2ERKS0_
FN:159,_ZNSaI6VertexEC2ERKS0_
FNDA:470,_ZNSaI6VertexEC2ERKS0_
FN:159,_ZNSaIjEC2ERKS_
FNDA:470,_ZNSaIjEC2ERKS_
FN:159,_ZNSaIN3glm3vecILi3EfLNS_9qualifierE0EEEEC2ERKS3_
FNDA:4,_ZNSaIN3glm3vecILi3EfLNS_9qualifierE0EEEEC2ERKS3_
FN:174,_ZNSaINSt7__cxx1112basic_stringIcSt11char_traitsIcESaIcEEEED2Ev
FNDA:10,_ZNSaINSt7__cxx1112basic_stringIcSt11char_traitsIcESaIcEEEED2Ev
FN:174,_ZNSaIN3glm3vecILi3EfLNS_9qualifierE0EEEED2Ev
FNDA:6,_ZNSaIN3glm3vecILi3EfLNS_9qualifierE0EEEED2Ev
FN:174,_ZNSaI4MeshED2Ev
FNDA:14,_ZNSaI4MeshED2Ev
FN:174,_ZNSaI7TextureED2Ev
FNDA:1132,_ZNSaI7TextureED2Ev
FN:174,_ZNSaIjED2Ev
FNDA:686,_ZNSaIjED2Ev
FN:174,_ZNSaI6VertexED2Ev
FNDA:686,_ZNSaI6VertexED2Ev
FN:209,_ZStneRKSaIjES1_
FNDA:0,_ZStneRKSaIjES1_
FN:209,_ZStneRKSaI6VertexES2_
FNDA:0,_ZStneRKSaI6VertexES2_
FN:209,_ZStneRKSaI7TextureES2_
FNDA:0,_ZStneRKSaI7TextureES2_
DA:156,14
DA:156,662
DA:156,216
DA:156,216
DA:156,2
DA:156,2
DA:159,4
DA:160,4
DA:159,8
DA:160,8
DA:159,470
DA:160,470
DA:159,470
DA:160,470
DA:159,470
DA:160,470
DA:174,10
DA:174,6
DA:174,14
DA:174,1132
DA:174,686
DA:174,686
DA:209,0
DA:210,0
DA:209,0
DA:210,0
DA:209,0
DA:210,0
end_of_record
SF:/usr/include/c++/11/bits/stl_iterator_base_funcs.h
FN:98,_ZSt10__distanceIPcENSt15iterator_traitsIT_E15difference_typeES2_S2_St26random_access_iterator_tag
FNDA:0,_ZSt10__distanceIPcENSt15iterator_traitsIT_E15difference_typeES2_S2_St26random_access_iterator_tag
FN:98,_ZSt10__distanceIN9__gnu_cxx17__normal_iteratorIP7TextureSt6vectorIS2_SaIS2_EEEEENSt15iterator_traitsIT_E15difference_typeES9_S9_St26random_access_iterator_tag
FNDA:110,_ZSt10__distanceIN9__gnu_cxx17__normal_iteratorIP7TextureSt6vectorIS2_SaIS2_EEEEENSt15iterator_traitsIT_E15difference_typeES9_S9_St26random_access_iterator_tag
FN:98,_ZSt10__distanceIPKNSt7__cxx1112basic_stringIcSt11char_traitsIcESaIcEEEENSt15iterator_traitsIT_E15difference_typeES9_S9_St26random_access_iterator_tag
[...]
FNDA:2340,_ZNSt16allocator_traitsISaIjEE8max_sizeERKS0_
FN:547,_ZNSt16allocator_traitsISaI6VertexEE8max_sizeERKS1_
FNDA:2312,_ZNSt16allocator_traitsISaI6VertexEE8max_sizeERKS1_
FN:547,_ZNSt16allocator_traitsISaINSt7__cxx1112basic_stringIcSt11char_traitsIcESaIcEEEEE8max_sizeERKS6_
FNDA:2,_ZNSt16allocator_traitsISaINSt7__cxx1112basic_stringIcSt11char_traitsIcESaIcEEEEE8max_sizeERKS6_
FN:547,_ZNSt16allocator_traitsISaIN3glm3vecILi3EfLNS0_9qualifierE0EEEEE8max_sizeERKS4_
FNDA:2,_ZNSt16allocator_traitsISaIN3glm3vecILi3EfLNS0_9qualifierE0EEEEE8max_sizeERKS4_
FN:562,_ZNSt16allocator_traitsISaIjEE37select_on_container_copy_constructionERKS0_
FNDA:108,_ZNSt16allocator_traitsISaIjEE37select_on_container_copy_constructionERKS0_
FN:562,_ZNSt16allocator_traitsISaIcEE37select_on_container_copy_constructionERKS0_
FNDA:0,_ZNSt16allocator_traitsISaIcEE37select_on_container_copy_constructionERKS0_
FN:562,_ZNSt16allocator_traitsISaINSt7__cxx1112basic_stringIcSt11char_traitsIcESaIcEEEEE37select_on_container_copy_constructionERKS6_
FNDA:2,_ZNSt16allocator_traitsISaINSt7__cxx1112basic_stringIcSt11char_traitsIcESaIcEEEEE37select_on_container_copy_constructionERKS6_
FN:562,_ZNSt16allocator_traitsISaI7TextureEE37select_on_container_copy_constructionERKS1_
FNDA:108,_ZNSt16allocator_traitsISaI7TextureEE37select_on_container_copy_constructionERKS1_
FN:562,_ZNSt16allocator_traitsISaI6VertexEE37select_on_container_copy_constructionERKS1_
FNDA:108,_ZNSt16allocator_traitsISaI6VertexEE37select_on_container_copy_constructionERKS1_
FN:672,_ZSt18__do_alloc_on_copyISaI6VertexEEvRT_RKS2_St17integral_constantIbLb0EE
FNDA:0,_ZSt18__do_alloc_on_copyISaI6VertexEEvRT_RKS2_St17integral_constantIbLb0EE
FN:672,_ZSt18__do_alloc_on_copyISaIjEEvRT_RKS1_St17integral_constantIbLb0EE
FNDA:0,_ZSt18__do_alloc_on_copyISaIjEEvRT_RKS1_St17integral_constantIbLb0EE
FN:672,_ZSt18__do_alloc_on_copyISaI7TextureEEvRT_RKS2_St17integral_constantIbLb0EE
FNDA:0,_ZSt18__do_alloc_on_copyISaI7TextureEEvRT_RKS2_St17integral_constantIbLb0EE
FN:678,_ZSt15__alloc_on_copyISaI6VertexEEvRT_RKS2_
FNDA:0,_ZSt15__alloc_on_copyISaI6VertexEEvRT_RKS2_
FN:678,_ZSt15__alloc_on_copyISaI7TextureEEvRT_RKS2_
FNDA:0,_ZSt15__alloc_on_copyISaI7TextureEEvRT_RKS2_
FN:678,_ZSt15__alloc_on_copyISaIjEEvRT_RKS1_
FNDA:0,_ZSt15__alloc_on_copyISaIjEEvRT_RKS1_
FN:845,_ZSt8_DestroyIP6VertexS0_EvT_S2_RSaIT0_E
FNDA:686,_ZSt8_DestroyIP6VertexS0_EvT_S2_RSaIT0_E
FN:845,_ZSt8_DestroyIPjjEvT_S1_RSaIT0_E
FNDA:686,_ZSt8_DestroyIPjjEvT_S1_RSaIT0_E
FN:845,_ZSt8_DestroyIP7TextureS0_EvT_S2_RSaIT0_E
FNDA:1242,_ZSt8_DestroyIP7TextureS0_EvT_S2_RSaIT0_E
FN:845,_ZSt8_DestroyIN9__gnu_cxx17__normal_iteratorIP6VertexSt6vectorIS2_SaIS2_EEEES2_EvT_S8_RSaIT0_E
FNDA:0,_ZSt8_DestroyIN9__gnu_cxx17__normal_iteratorIP6VertexSt6vectorIS2_SaIS2_EEEES2_EvT_S8_RSaIT0_E
FN:845,_ZSt8_DestroyIN9__gnu_cxx17__normal_iteratorIPjSt6vectorIjSaIjEEEEjEvT_S7_RSaIT0_E
FNDA:0,_ZSt8_DestroyIN9__gnu_cxx17__normal_iteratorIPjSt6vectorIjSaIjEEEEjEvT_S7_RSaIT0_E
FN:845,_ZSt8_DestroyIN9__gnu_cxx17__normal_iteratorIP7TextureSt6vectorIS2_SaIS2_EEEES2_EvT_S8_RSaIT0_E
FNDA:0,_ZSt8_DestroyIN9__gnu_cxx17__normal_iteratorIP7TextureSt6vectorIS2_SaIS2_EEEES2_EvT_S8_RSaIT0_E
FN:845,_ZSt8_DestroyIP4MeshS0_EvT_S2_RSaIT0_E
FNDA:14,_ZSt8_DestroyIP4MeshS0_EvT_S2_RSaIT0_E
FN:845,_ZSt8_DestroyIPN3glm3vecILi3EfLNS0_9qualifierE0EEES3_EvT_S5_RSaIT0_E
FNDA:2,_ZSt8_DestroyIPN3glm3vecILi3EfLNS0_9qualifierE0EEES3_EvT_S5_RSaIT0_E
FN:845,_ZSt8_DestroyIPNSt7__cxx1112basic_stringIcSt11char_traitsIcESaIcEEES5_EvT_S7_RSaIT0_E
FNDA:4,_ZSt8_DestroyIPNSt7__cxx1112basic_stringIcSt11char_traitsIcESaIcEEES5_EvT_S7_RSaIT0_E
DA:463,46
DA:464,46
DA:463,4
DA:464,4
DA:463,2
DA:464,2
DA:463,468
DA:464,468
DA:463,1386
DA:464,1386
DA:463,1372
DA:464,1372
DA:495,4
DA:496,4
DA:495,2
DA:496,2
DA:495,46
DA:496,46
DA:495,468
DA:496,468
DA:495,1386
DA:496,1386
DA:495,1372
DA:496,1372
DA:511,36
DA:516,36
DA:520,36
DA:511,254
DA:516,254
DA:520,254
DA:511,154
DA:516,154
DA:520,154
DA:511,508860
DA:516,508860
DA:520,508860
DA:511,427556
DA:516,427556
DA:520,427556
DA:531,146
DA:535,146
DA:539,146
DA:531,36
DA:535,36
DA:539,36
DA:531,0
DA:535,0
DA:539,0
DA:531,0
DA:535,0
DA:539,0
DA:547,92
DA:550,92
DA:547,504
DA:550,504
DA:547,2340
DA:550,2340
DA:547,2312
DA:550,2312
DA:547,2
DA:550,2
DA:547,2
DA:550,2
DA:562,2
DA:563,2
DA:562,108
DA:563,108
DA:562,108
DA:563,108
DA:562,108
DA:563,108
DA:562,0
DA:563,0
DA:672,0
DA:673,0
DA:672,0
DA:673,0
DA:672,0
DA:673,0
DA:678,0
DA:686,0
DA:688,0
DA:678,0
DA:686,0
DA:688,0
DA:678,0
DA:686,0
DA:688,0
DA:845,4
DA:848,4
DA:849,4
DA:845,2
DA:848,2
DA:849,2
DA:845,14
DA:848,14
DA:849,14
DA:845,0
DA:848,0
DA:849,0
DA:845,0
DA:848,0
DA:849,0
DA:845,0
DA:848,0
DA:849,0
DA:845,1242
DA:848,1242
DA:849,1242
DA:845,686
DA:848,686
DA:849,686
DA:845,686
DA:848,686
DA:849,686
end_of_record
SF:/usr/include/c++/11/bits/cpp_type_traits.h
FN:560,_ZSt12__miter_baseIPKN3glm3vecILi3EfLNS0_9qualifierE0EEEET_S6_
FNDA:4,_ZSt12__miter_baseIPKN3glm3vecILi3EfLNS0_9qualifierE0EEEET_S6_
FN:560,_ZSt12__miter_baseIN9__gnu_cxx17__normal_iteratorIP7TextureSt6vectorIS2_SaIS2_EEEEET_S8_
FNDA:0,_ZSt12__miter_baseIN9__gnu_cxx17__normal_iteratorIP7TextureSt6vectorIS2_SaIS2_EEEEET_S8_
FN:560,_ZSt12__miter_baseIP7TextureET_S2_
FNDA:0,_ZSt12__miter_baseIP7TextureET_S2_
FN:560,_ZSt12__miter_baseIN9__gnu_cxx17__normal_iteratorIPK7TextureSt6vectorIS2_SaIS2_EEEEET_S9_
FNDA:0,_ZSt12__miter_baseIN9__gnu_cxx17__normal_iteratorIPK7TextureSt6vectorIS2_SaIS2_EEEEET_S9_
FN:560,_ZSt12__miter_baseIPjET_S1_
FNDA:0,_ZSt12__miter_baseIPjET_S1_
FN:560,_ZSt12__miter_baseIN9__gnu_cxx17__normal_iteratorIPKjSt6vectorIjSaIjEEEEET_S8_
FNDA:432,_ZSt12__miter_baseIN9__gnu_cxx17__normal_iteratorIPKjSt6vectorIjSaIjEEEEET_S8_
FN:560,_ZSt12__miter_baseIP6VertexET_S2_
FNDA:0,_ZSt12__miter_baseIP6VertexET_S2_
FN:560,_ZSt12__miter_baseIN9__gnu_cxx17__normal_iteratorIPK6VertexSt6vectorIS2_SaIS2_EEEEET_S9_
FNDA:432,_ZSt12__miter_baseIN9__gnu_cxx17__normal_iteratorIPK6VertexSt6vectorIS2_SaIS2_EEEEET_S9_
DA:560,4
DA:561,4
DA:560,0
DA:561,0
DA:560,0
DA:561,0
DA:560,0
DA:561,0
DA:560,0
DA:561,0
DA:560,432
DA:561,432
DA:560,0
DA:561,0
DA:560,432
DA:561,432
end_of_record
SF:/usr/include/assimp/mesh.h
FN:153,_ZN6aiFaceD2Ev
FNDA:169620,_ZN6aiFaceD2Ev
FN:158,_ZN6aiFaceC2ERKS_
FNDA:169620,_ZN6aiFaceC2ERKS_
FN:164,_ZN6aiFaceaSERKS_
FNDA:169620,_ZN6aiFaceaSERKS_
FN:839,_ZNK6aiMesh10HasNormalsEv
FNDA:427556,_ZNK6aiMesh10HasNormalsEv
DA:153,169620
DA:154,169620
DA:155,169620
DA:158,169620
DA:159,169620
DA:160,169620
DA:161,169620
DA:164,169620
DA:165,169620
DA:166,0
DA:169,169620
DA:170,169620
DA:171,169620
DA:172,169620
DA:173,169620
DA:175,0
DA:178,169620
DA:839,427556
end_of_record
SF:/usr/include/c++/11/bits/charconv.h
FN:47,_ZNSt8__detail14__to_chars_lenIjEEjT_i
FNDA:185185,_ZNSt8__detail14__to_chars_lenIjEEjT_i
FN:72,_ZNSt8__detail18__to_chars_10_implIjEEvPcjT_
FNDA:185185,_ZNSt8__detail18__to_chars_10_implIjEEvPcjT_
DA:47,185185
DA:52,185185
DA:53,185185
DA:54,185185
DA:55,185185
DA:58,185185
DA:59,0
DA:60,0
DA:61,0
DA:62,0
DA:63,0
DA:72,185185
DA:83,185185
DA:84,185185
DA:86,0
DA:87,0
DA:88,0
DA:89,0
DA:90,0
DA:92,185185
DA:94,0
DA:95,0
DA:96,0
DA:99,185185
DA:100,185185
end_of_record
SF:/usr/include/c++/11/bits/stl_uninitialized.h
FN:85,_ZNSt20__uninitialized_copyILb0EE13__uninit_copyISt13move_iteratorIP4MeshES4_EET0_T_S7_S6_
FNDA:0,_ZNSt20__uninitialized_copyILb0EE13__uninit_copyISt13move_iteratorIP4MeshES4_EET0_T_S7_S6_
FN:85,_ZNSt20__uninitialized_copyILb0EE13__uninit_copyIP7TextureS3_EET0_T_S5_S4_
FNDA:0,_ZNSt20__uninitialized_copyILb0EE13__uninit_copyIP7TextureS3_EET0_T_S5_S4_
FN:85,_ZNSt20__uninitialized_copyILb0EE13__uninit_copyISt13move_iteratorIP7TextureES4_EET0_T_S7_S6_
FNDA:220,_ZNSt20__uninitialized_copyILb0EE13__uninit_copyISt13move_iteratorIP7TextureES4_EET0_T_S7_S6_
FN:85,_ZNSt20__uninitialized_copyILb0EE13__uninit_copyIN9__gnu_cxx17__normal_iteratorIP7TextureSt6vectorIS4_SaIS4_EEEES5_EET0_T_SB_SA_
FNDA:110,_ZNSt20__uninitialized_copyILb0EE13__uninit_copyIN9__gnu_cxx17__normal_iteratorIP7TextureSt6vectorIS4_SaIS4_EEEES5_EET0_T_SB_SA_
FN:85,_ZNSt20__uninitialized_copyILb0EE13__uninit_copyIN9__gnu_cxx17__normal_iteratorIPKNSt7__cxx1112basic_stringIcSt11char_traitsIcESaIcEEESt6vectorIS9_SaIS9_EEEEPS9_EET0_T_SI_SH_
FNDA:2,_ZNSt20__uninitialized_copyILb0EE13__uninit_copyIN9__gnu_cxx17__normal_iteratorIPKNSt7__cxx1112basic_stringIcSt11char_traitsIcESaIcEEESt6vectorIS9_SaIS9_EEEEPS9_EET0_T_SI_SH_
FN:85,_ZNSt20__uninitialized_copyILb0EE13__uninit_copyIPKNSt7__cxx1112basic_stringIcSt11char_traitsIcESaIcEEEPS7_EET0_T_SC_SB_
FNDA:2,_ZNSt20__uninitialized_copyILb0EE13__uninit_copyIPKNSt7__cxx1112basic_stringIcSt11char_traitsIcESaIcEEEPS7_EET0_T_SC_SB_
FN:85,_ZNSt20__uninitialized_copyILb0EE13__uninit_copyIN9__gnu_cxx17__normal_iteratorIPK7TextureSt6vectorIS4_SaIS4_EEEEPS4_EET0_T_SD_SC_
FNDA:216,_ZNSt20__uninitialized_copyILb0EE13__uninit_copyIN9__gnu_cxx17__normal_iteratorIPK7TextureSt6vectorIS4_SaIS4_EEEEPS4_EET0_T_SD_SC_
FN:108,_ZNSt20__uninitialized_copyILb1EE13__uninit_copyIPjS2_EET0_T_S4_S3_
FNDA:0,_ZNSt20__uninitialized_copyILb1EE13__uninit_copyIPjS2_EET0_T_S4_S3_
FN:108,_ZNSt20__uninitialized_copyILb1EE13__uninit_copyIP6VertexS3_EET0_T_S5_S4_
FNDA:0,_ZNSt20__uninitialized_copyILb1EE13__uninit_copyIP6VertexS3_EET0_T_S5_S4_
FN:108,_ZNSt20__uninitialized_copyILb1EE13__uninit_copyISt13move_iteratorIPjES3_EET0_T_S6_S5_
FNDA:0,_ZNSt20__uninitialized_copyILb1EE13__uninit_copyISt13move_iteratorIPjES3_EET0_T_S6_S5_
FN:108,_ZNSt20__uninitialized_copyILb1EE13__uninit_copyISt13move_iteratorIP6VertexES4_EET0_T_S7_S6_
FNDA:0,_ZNSt20__uninitialized_copyILb1EE13__uninit_copyISt13move_iteratorIP6VertexES4_EET0_T_S7_S6_
FN:108,_ZNSt20__uninitialized_copyILb1EE13__uninit_copyIN9__gnu_cxx17__normal_iteratorIPK6VertexSt6vectorIS4_SaIS4_EEEEPS4_EET0_T_SD_SC_
FNDA:216,_ZNSt20__uninitialized_copyILb1EE13__uninit_copyIN9__gnu_cxx17__normal_iteratorIPK6VertexSt6vectorIS4_SaIS4_EEEEPS4_EET0_T_SD_SC_
FN:108,_ZNSt20__uninitialized_copyILb1EE13__uninit_copyIN9__gnu_cxx17__normal_iteratorIPKjSt6vectorIjSaIjEEEEPjEET0_T_SC_SB_
FNDA:216,_ZNSt20__uninitialized_copyILb1EE13__uninit_copyIN9__gnu_cxx17__normal_iteratorIPKjSt6vectorIjSaIjEEEEPjEET0_T_SC_SB_
FN:108,_ZNSt20__uninitialized_copyILb1EE13__uninit_copyIPKN3glm3vecILi3EfLNS2_9qualifierE0EEEPS5_EET0_T_SA_S9_
FNDA:2,_ZNSt20__uninitialized_copyILb1EE13__uninit_copyIPKN3glm3vecILi3EfLNS2_9qualifierE0EEEPS5_EET0_T_SA_S9_
FN:126,_ZSt18uninitialized_copyIPKNSt7__cxx1112basic_stringIcSt11char_traitsIcESaIcEEEPS5_ET0_T_SA_S9_
FNDA:2,_ZSt18uninitialized_copyIPKNSt7__cxx1112basic_stringIcSt11char_traitsIcESaIcEEEPS5_ET0_T_SA_S9_
FN:126,_ZSt18uninitialized_copyIN9__gnu_cxx17__normal_iteratorIPK6VertexSt6vectorIS2_SaIS2_EEEEPS2_ET0_T_SB_SA_
FNDA:216,_ZSt18uninitialized_copyIN9__gnu_cxx17__normal_iteratorIPK6VertexSt6vectorIS2_SaIS2_EEEEPS2_ET0_T_SB_SA_
FN:126,_ZSt18uninitialized_copyISt13move_iteratorIPjES1_ET0_T_S4_S3_
FNDA:0,_ZSt18uninitialized_copyISt13move_iteratorIPjES1_ET0_T_S4_S3_
FN:126,_ZSt18uninitialized_copyIPKN3glm3vecILi3EfLNS0_9qualifierE0EEEPS3_ET0_T_S8_S7_
FNDA:2,_ZSt18uninitialized_copyIPKN3glm3vecILi3EfLNS0_9qualifierE0EEEPS3_ET0_T_S8_S7_
FN:126,_ZSt18uninitialized_copyIN9__gnu_cxx17__normal_iteratorIPKjSt6vectorIjSaIjEEEEPjET0_T_SA_S9_
FNDA:216,_ZSt18uninitialized_copyIN9__gnu_cxx17__normal_iteratorIPKjSt6vectorIjSaIjEEEEPjET0_T_SA_S9_
FN:126,_ZSt18uninitialized_copyIN9__gnu_cxx17__normal_iteratorIPK7TextureSt6vectorIS2_SaIS2_EEEEPS2_ET0_T_SB_SA_
FNDA:216,_ZSt18uninitialized_copyIN9__gnu_cxx17__normal_iteratorIPK7TextureSt6vectorIS2_SaIS2_EEEEPS2_ET0_T_SB_SA_
FN:126,_ZSt18uninitialized_copyIN9__gnu_cxx17__normal_iteratorIPKNSt7__cxx1112basic_stringIcSt11char_traitsIcESaIcEEESt6vectorIS7_SaIS7_EEEEPS7_ET0_T_SG_SF_
FNDA:2,_ZSt18uninitialized_copyIN9__gnu_cxx17__normal_iteratorIPKNSt7__cxx1112basic_stringIcSt11char_traitsIcESaIcEEESt6vectorIS7_SaIS7_EEEEPS7_ET0_T_SG_SF_
FN:126,_ZSt18uninitialized_copyIP7TextureS1_ET0_T_S3_S2_
FNDA:0,_ZSt18uninitialized_copyIP7TextureS1_ET0_T_S3_S2_
FN:126,_ZSt18uninitialized_copyISt13move_iteratorIP6VertexES2_ET0_T_S5_S4_
FNDA:0,_ZSt18uninitialized_copyISt13move_iteratorIP6VertexES2_ET0_T_S5_S4_
FN:126,_ZSt18uninitialized_copyIPjS0_ET0_T_S2_S1_
FNDA:0,_ZSt18uninitialized_copyIPjS0_ET0_T_S2_S1_
FN:126,_ZSt18uninitialized_copyIN9__gnu_cxx17__normal_iteratorIP7TextureSt6vectorIS2_SaIS2_EEEES3_ET0_T_S9_S8_
FNDA:110,_ZSt18uninitialized_copyIN9__gnu_cxx17__normal_iteratorIP7TextureSt6vectorIS2_SaIS2_EEEES3_ET0_T_S9_S8_
FN:126,_ZSt18uninitialized_copyIP6VertexS1_ET0_T_S3_S2_
FNDA:0,_ZSt18uninitialized_copyIP6VertexS1_ET0_T_S3_S2_
FN:126,_ZSt18uninitialized_copyISt13move_iteratorIP7TextureES2_ET0_T_S5_S4_
FNDA:220,_ZSt18uninitialized_copyISt13move_iteratorIP7TextureES2_ET0_T_S5_S4_
FN:126,_ZSt18uninitialized_copyISt13move_iteratorIP4MeshES2_ET0_T_S5_S4_
FNDA:0,_ZSt18uninitialized_copyISt13move_iteratorIP4MeshES2_ET0_T_S5_S4_
FN:331,_ZSt22__uninitialized_copy_aIP6VertexS1_S0_ET0_T_S3_S2_RSaIT1_E
FNDA:0,_ZSt22__uninitialized_copy_aIP6VertexS1_S0_ET0_T_S3_S2_RSaIT1_E
FN:331,_ZSt22__uninitialized_copy_aIN9__gnu_cxx17__normal_iteratorIPKNSt7__cxx1112basic_stringIcSt11char_traitsIcESaIcEEESt6vectorIS7_SaIS7_EEEEPS7_S7_ET0_T_SG_SF_RSaIT1_E
FNDA:2,_ZSt22__uninitialized_copy_aIN9__gnu_cxx17__normal_iteratorIPKNSt7__cxx1112basic_stringIcSt11char_traitsIcESaIcEEESt6vectorIS7_SaIS7_EEEEPS7_S7_ET0_T_SG_SF_RSaIT1_E
FN:331,_ZSt22__uninitialized_copy_aIN9__gnu_cxx17__normal_iteratorIPK7TextureSt6vectorIS2_SaIS2_EEEEPS2_S2_ET0_T_SB_SA_RSaIT1_E
FNDA:216,_ZSt22__uninitialized_copy_aIN9__gnu_cxx17__normal_iteratorIPK7TextureSt6vectorIS2_SaIS2_EEEEPS2_S2_ET0_T_SB_SA_RSaIT1_E
FN:331,_ZSt22__uninitialized_copy_aIPKN3glm3vecILi3EfLNS0_9qualifierE0EEEPS3_S3_ET0_T_S8_S7_RSaIT1_E
FNDA:2,_ZSt22__uninitialized_copy_aIPKN3glm3vecILi3EfLNS0_9qualifierE0EEEPS3_S3_ET0_T_S8_S7_RSaIT1_E
FN:331,_ZSt22__uninitialized_copy_aIPKNSt7__cxx1112basic_stringIcSt11char_traitsIcESaIcEEEPS5_S5_ET0_T_SA_S9_RSaIT1_E
FNDA:2,_ZSt22__uninitialized_copy_aIPKNSt7__cxx1112basic_stringIcSt11char_traitsIcESaIcEEEPS5_S5_ET0_T_SA_S9_RSaIT1_E
FN:331,_ZSt22__uninitialized_copy_aIN9__gnu_cxx17__normal_iteratorIPKjSt6vectorIjSaIjEEEEPjjET0_T_SA_S9_RSaIT1_E
FNDA:216,_ZSt22__uninitialized_copy_aIN9__gnu_cxx17__normal_iteratorIPKjSt6vectorIjSaIjEEEEPjjET0_T_SA_S9_RSaIT1_E
FN:331,_ZSt22__uninitialized_copy_aIN9__gnu_cxx17__normal_iteratorIPK6VertexSt6vectorIS2_SaIS2_EEEEPS2_S2_ET0_T_SB_SA_RSaIT1_E
FNDA:216,_ZSt22__uninitialized_copy_aIN9__gnu_cxx17__normal_iteratorIPK6VertexSt6vectorIS2_SaIS2_EEEEPS2_S2_ET0_T_SB_SA_RSaIT1_E
FN:331,_ZSt22__uninitialized_copy_aIP7TextureS1_S0_ET0_T_S3_S2_RSaIT1_E
FNDA:0,_ZSt22__uninitialized_copy_aIP7TextureS1_S0_ET0_T_S3_S2_RSaIT1_E
FN:331,_ZSt22__uninitialized_copy_aIPjS0_jET0_T_S2_S1_RSaIT1_E
FNDA:0,_ZSt22__uninitialized_copy_aIPjS0_jET0_T_S2_S1_RSaIT1_E
FN:331,_ZSt22__uninitialized_copy_aISt13move_iteratorIP6VertexES2_S1_ET0_T_S5_S4_RSaIT1_E
FNDA:0,_ZSt22__uninitialized_copy_aISt13move_iteratorIP6VertexES2_S1_ET0_T_S5_S4_RSaIT1_E
FN:331,_ZSt22__uninitialized_copy_aISt13move_iteratorIPjES1_jET0_T_S4_S3_RSaIT1_E
FNDA:0,_ZSt22__uninitialized_copy_aISt13move_iteratorIPjES1_jET0_T_S4_S3_RSaIT1_E
FN:331,_ZSt22__uninitialized_copy_aIN9__gnu_cxx17__normal_iteratorIP7TextureSt6vectorIS2_SaIS2_EEEES3_S2_ET0_T_S9_S8_RSaIT1_E
FNDA:110,_ZSt22__uninitialized_copy_aIN9__gnu_cxx17__normal_iteratorIP7TextureSt6vectorIS2_SaIS2_EEEES3_S2_ET0_T_S9_S8_RSaIT1_E
FN:331,_ZSt22__uninitialized_copy_aISt13move_iteratorIP7TextureES2_S1_ET0_T_S5_S4_RSaIT1_E
FNDA:220,_ZSt22__uninitialized_copy_aISt13move_iteratorIP7TextureES2_S1_ET0_T_S5_S4_RSaIT1_E
FN:331,_ZSt22__uninitialized_copy_aISt13move_iteratorIP4MeshES2_S1_ET0_T_S5_S4_RSaIT1_E
FNDA:0,_ZSt22__uninitialized_copy_aISt13move_iteratorIP4MeshES2_S1_ET0_T_S5_S4_RSaIT1_E
FN:338,_ZSt22__uninitialized_move_aIP7TextureS1_SaIS0_EET0_T_S4_S3_RT1_
FNDA:0,_ZSt22__uninitialized_move_aIP7TextureS1_SaIS0_EET0_T_S4_S3_RT1_
FN:349,_ZSt34__uninitialized_move_if_noexcept_aIP7TextureS1_SaIS0_EET0_T_S4_S3_RT1_
FNDA:220,_ZSt34__uninitialized_move_if_noexcept_aIP7TextureS1_SaIS0_EET0_T_S4_S3_RT1_
FN:349,_ZSt34__uninitialized_move_if_noexcept_aIPjS0_SaIjEET0_T_S3_S2_RT1_
FNDA:0,_ZSt34__uninitialized_move_if_noexcept_aIPjS0_SaIjEET0_T_S3_S2_RT1_
FN:349,_ZSt34__uninitialized_move_if_noexcept_aIP6VertexS1_SaIS0_EET0_T_S4_S3_RT1_
FNDA:0,_ZSt34__uninitialized_move_if_noexcept_aIP6VertexS1_SaIS0_EET0_T_S4_S3_RT1_
FN:349,_ZSt34__uninitialized_move_if_noexcept_aIP4MeshS1_SaIS0_EET0_T_S4_S3_RT1_
FNDA:0,_ZSt34__uninitialized_move_if_noexcept_aIP4MeshS1_SaIS0_EET0_T_S4_S3_RT1_
FN:986,_ZSt19__relocate_object_aI4MeshS0_SaIS0_EEvPT_PT0_RT1_
FNDA:146,_ZSt19__relocate_object_aI4MeshS0_SaIS0_EEvPT_PT0_RT1_
FN:986,_ZSt19__relocate_object_aI7TextureS0_SaIS0_EEvPT_PT0_RT1_
FNDA:36,_ZSt19__relocate_object_aI7TextureS0_SaIS0_EEvPT_PT0_RT1_
FN:1006,_ZSt14__relocate_a_1I6VertexS0_ENSt9enable_ifIXsrSt24__is_bitwise_relocatableIT_vE5valueEPS3_E4typeES5_S5_S5_RSaIT0_E
FNDA:2312,_ZSt14__relocate_a_1I6VertexS0_ENSt9enable_ifIXsrSt24__is_bitwise_relocatableIT_vE5valueEPS3_E4typeES5_S5_S5_RSaIT0_E
FN:1006,_ZSt14__relocate_a_1IjjENSt9enable_ifIXsrSt24__is_bitwise_relocatableIT_vE5valueEPS2_E4typeES4_S4_S4_RSaIT0_E
FNDA:2340,_ZSt14__relocate_a_1IjjENSt9enable_ifIXsrSt24__is_bitwise_relocatableIT_vE5valueEPS2_E4typeES4_S4_S4_RSaIT0_E
FN:1018,_ZSt14__relocate_a_1IP7TextureS1_SaIS0_EET0_T_S4_S3_RT1_
FNDA:284,_ZSt14__relocate_a_1IP7TextureS1_SaIS0_EET0_T_S4_S3_RT1_
FN:1018,_ZSt14__relocate_a_1IP4MeshS1_SaIS0_EET0_T_S4_S3_RT1_
FNDA:92,_ZSt14__relocate_a_1IP4MeshS1_SaIS0_EET0_T_S4_S3_RT1_
FN:1040,_ZSt12__relocate_aIP7TextureS1_SaIS0_EET0_T_S4_S3_RT1_
FNDA:284,_ZSt12__relocate_aIP7TextureS1_SaIS0_EET0_T_S4_S3_RT1_
FN:1040,_ZSt12__relocate_aIP4MeshS1_SaIS0_EET0_T_S4_S3_RT1_
FNDA:92,_ZSt12__relocate_aIP4MeshS1_SaIS0_EET0_T_S4_S3_RT1_
FN:1040,_ZSt12__relocate_aIPjS0_SaIjEET0_T_S3_S2_RT1_
FNDA:2340,_ZSt12__relocate_aIPjS0_SaIjEET0_T_S3_S2_RT1_
FN:1040,_ZSt12__relocate_aIP6VertexS1_SaIS0_EET0_T_S4_S3_RT1_
FNDA:2312,_ZSt12__relocate_aIP6VertexS1_SaIS0_EET0_T_S4_S3_RT1_
DA:85,0
DA:88,0
DA:91,0
DA:92,0
DA:93,0
DA:95,0
DA:97,0
DA:98,0
DA:85,220
DA:88,220
DA:91,222
DA:92,2
DA:93,220
DA:95,0
DA:97,0
DA:98,0
DA:85,110
DA:88,110
DA:91,220
DA:92,110
DA:93,110
DA:95,0
DA:97,0
DA:98,0
DA:85,2
DA:88,2
DA:91,14
DA:92,12
DA:93,2
DA:95,0
DA:97,0
DA:98,0
DA:85,2
DA:88,2
DA:91,14
DA:92,12
DA:93,2
DA:95,0
DA:97,0
DA:98,0
DA:85,216
DA:88,216
DA:91,436
DA:92,220
DA:93,216
DA:95,0
DA:97,0
DA:98,0
DA:85,0
DA:88,0
DA:91,0
DA:92,0
DA:93,0
DA:95,0
DA:97,0
DA:98,0
DA:108,0
DA:110,0
DA:108,0
DA:110,0
DA:108,2
DA:110,2
DA:108,216
DA:110,216
DA:108,216
DA:110,216
DA:108,0
DA:110,0
DA:108,0
DA:110,0
DA:126,0
DA:145,0
DA:151,0
DA:126,220
DA:145,220
DA:151,220
DA:126,110
DA:145,110
DA:151,110
DA:126,0
DA:145,0
DA:151,0
DA:126,0
DA:145,0
DA:151,0
DA:126,2
DA:145,2
DA:151,2
DA:126,2
DA:145,2
DA:151,2
DA:126,2
DA:145,2
DA:151,2
DA:126,216
DA:145,216
DA:151,216
DA:126,216
DA:145,216
DA:151,216
DA:126,216
DA:145,216
DA:151,216
DA:126,0
DA:145,0
DA:151,0
DA:126,0
DA:145,0
DA:151,0
DA:126,0
DA:145,0
DA:151,0
DA:331,0
DA:333,0
DA:331,220
DA:333,220
DA:331,110
DA:333,110
DA:331,0
DA:333,0
DA:331,0
DA:333,0
DA:331,2
DA:333,2
DA:331,2
DA:333,2
DA:331,2
DA:333,2
DA:331,216
DA:333,216
DA:331,216
DA:333,216
DA:331,216
DA:333,216
DA:331,0
DA:333,0
DA:331,0
DA:333,0
DA:331,0
DA:333,0
DA:338,0
DA:341,0
DA:343,0
DA:349,0
DA:355,0
DA:356,0
DA:349,220
DA:355,220
DA:356,220
DA:349,0
DA:355,0
DA:356,0
DA:349,0
DA:355,0
DA:356,0
DA:986,146
DA:994,146
DA:995,146
DA:996,146
DA:986,36
DA:994,36
DA:995,36
DA:996,36
DA:1006,2340
DA:1009,2340
DA:1010,2340
DA:1011,1062
DA:1012,2340
DA:1006,2312
DA:1009,2312
DA:1010,2312
DA:1011,1048
DA:1012,2312
DA:1018,92
DA:1030,92
DA:1031,238
DA:1032,146
DA:1034,92
DA:1018,284
DA:1030,284
DA:1031,320
DA:1032,36
DA:1034,284
DA:1040,92
DA:1046,92
DA:1048,92
DA:1040,284
DA:1046,284
DA:1048,284
DA:1040,2340
DA:1046,2340
DA:1048,2340
DA:1040,2312
DA:1046,2312
DA:1048,2312
end_of_record
